[Wed Jun 17 10:06:27.121248 2020] [:error] [pid 18366] [remote 189.5.158.27:0] mod_wsgi (pid=18366): Target WSGI script '/var/www/silva/silvaapp/wsgi.py' cannot be loaded as Python module.
[Wed Jun 17 10:06:27.121296 2020] [:error] [pid 18366] [remote 189.5.158.27:0] mod_wsgi (pid=18366): Exception occurred processing WSGI script '/var/www/silva/silvaapp/wsgi.py'.
[Wed Jun 17 10:06:27.121317 2020] [:error] [pid 18366] [remote 189.5.158.27:0] Traceback (most recent call last):
[Wed Jun 17 10:06:27.121333 2020] [:error] [pid 18366] [remote 189.5.158.27:0]   File "/var/www/silva/silvaapp/wsgi.py", line 12, in <module>
[Wed Jun 17 10:06:27.121393 2020] [:error] [pid 18366] [remote 189.5.158.27:0]     from django.core.wsgi import get_wsgi_application
[Wed Jun 17 10:06:27.121405 2020] [:error] [pid 18366] [remote 189.5.158.27:0]   File "/var/www/silva/venv/lib/python3.6/site-packages/django/__init__.py", line 1, in <module>
[Wed Jun 17 10:06:27.121443 2020] [:error] [pid 18366] [remote 189.5.158.27:0]     from django.utils.version import get_version
[Wed Jun 17 10:06:27.121452 2020] [:error] [pid 18366] [remote 189.5.158.27:0]   File "/var/www/silva/venv/lib/python3.6/site-packages/django/utils/version.py", line 71, in <module>
[Wed Jun 17 10:06:27.121498 2020] [:error] [pid 18366] [remote 189.5.158.27:0]     @functools.lru_cache()
[Wed Jun 17 10:06:27.121529 2020] [:error] [pid 18366] [remote 189.5.158.27:0] AttributeError: 'module' object has no attribute 'lru_cache'
Exception ignored in: <bound method BaseEventLoop.__del__ of <_UnixSelectorEventLoop running=False closed=False debug=False>>
Traceback (most recent call last):
  File "/usr/lib64/python3.6/asyncio/base_events.py", line 526, in __del__
NameError: name 'ResourceWarning' is not defined
Exception ignored in: <bound method BaseEventLoop.__del__ of <_UnixSelectorEventLoop running=False closed=False debug=False>>
Traceback (most recent call last):
  File "/usr/lib64/python3.6/asyncio/base_events.py", line 526, in __del__
NameError: name 'ResourceWarning' is not defined
[Wed Jun 17 17:11:56.601771 2020] [wsgi:error] [pid 21871] [remote 154.85.100.141:27439] Not Found: /robots.txt
[Wed Jun 17 17:11:56.973733 2020] [wsgi:error] [pid 21871] [remote 154.85.100.141:27531] Not Found: /Admin909965bf/Login.php
[Wed Jun 17 17:13:53.829773 2020] [wsgi:error] [pid 21871] [remote 154.85.100.141:36283] Not Found: /l.php
[Wed Jun 17 17:13:54.395514 2020] [wsgi:error] [pid 21871] [remote 154.85.100.141:36350] Not Found: /phpinfo.php
[Wed Jun 17 17:13:54.803703 2020] [wsgi:error] [pid 21871] [remote 154.85.100.141:36429] Not Found: /test.php
[Wed Jun 17 17:13:55.219541 2020] [wsgi:error] [pid 21871] [remote 154.85.100.141:36496] Not Found: /index.php
[Wed Jun 17 17:13:55.643393 2020] [wsgi:error] [pid 21871] [remote 154.85.100.141:36560] Not Found: /bbs.php
[Wed Jun 17 17:13:56.004810 2020] [wsgi:error] [pid 21871] [remote 154.85.100.141:36620] Not Found: /forum.php
[Wed Jun 17 17:13:57.761512 2020] [wsgi:error] [pid 21871] [remote 154.85.100.141:36828] Not Found: /bbs/index.php
[Wed Jun 17 17:13:58.177989 2020] [wsgi:error] [pid 21871] [remote 154.85.100.141:36903] Not Found: /forum/index.php
[Wed Jun 17 17:13:58.578190 2020] [wsgi:error] [pid 21871] [remote 154.85.100.141:36963] Not Found: /forums/index.php
[Wed Jun 17 12:13:58.961558 2020] [cgi:error] [pid 21872] [client 154.85.100.141:37022] script not found or unable to stat: /var/www/cgi-bin/php
[Wed Jun 17 12:13:59.145383 2020] [cgi:error] [pid 21872] [client 154.85.100.141:37022] script not found or unable to stat: /var/www/cgi-bin/php5
[Wed Jun 17 12:13:59.326705 2020] [cgi:error] [pid 21872] [client 154.85.100.141:37022] script not found or unable to stat: /var/www/cgi-bin/php-cgi
[Wed Jun 17 12:13:59.557865 2020] [cgi:error] [pid 21872] [client 154.85.100.141:37022] script not found or unable to stat: /var/www/cgi-bin/php.cgi
[Wed Jun 17 12:13:59.748969 2020] [cgi:error] [pid 21872] [client 154.85.100.141:37022] script not found or unable to stat: /var/www/cgi-bin/php4
[Wed Jun 17 17:13:59.932860 2020] [wsgi:error] [pid 21871] [remote 154.85.100.141:37022] Not Found: /base/post.php
[Wed Jun 17 17:14:00.289741 2020] [wsgi:error] [pid 21871] [remote 154.85.100.141:37236] Not Found: /webdav/
[Wed Jun 17 17:14:01.724360 2020] [wsgi:error] [pid 21871] [remote 154.85.100.141:37331] Not Found: /ispirit/im/upload.php
[Wed Jun 17 17:14:02.183874 2020] [wsgi:error] [pid 21871] [remote 154.85.100.141:37398] Not Found: /help.php
[Wed Jun 17 17:14:02.572064 2020] [wsgi:error] [pid 21871] [remote 154.85.100.141:37482] Not Found: /java.php
[Wed Jun 17 17:14:02.925552 2020] [wsgi:error] [pid 21871] [remote 154.85.100.141:37520] Not Found: /_query.php
[Wed Jun 17 17:14:03.314680 2020] [wsgi:error] [pid 21871] [remote 154.85.100.141:37591] Not Found: /test.php
[Wed Jun 17 17:14:03.771994 2020] [wsgi:error] [pid 21871] [remote 154.85.100.141:37669] Not Found: /db_cts.php
[Wed Jun 17 17:14:04.159547 2020] [wsgi:error] [pid 21871] [remote 154.85.100.141:37727] Not Found: /db_pma.php
[Wed Jun 17 17:14:05.707908 2020] [wsgi:error] [pid 21871] [remote 154.85.100.141:37778] Not Found: /help-e.php
[Wed Jun 17 17:14:06.147582 2020] [wsgi:error] [pid 21871] [remote 154.85.100.141:37907] Not Found: /license.php
[Wed Jun 17 17:14:06.598184 2020] [wsgi:error] [pid 21871] [remote 154.85.100.141:38001] Not Found: /log.php
[Wed Jun 17 17:14:07.009288 2020] [wsgi:error] [pid 21871] [remote 154.85.100.141:38068] Not Found: /hell.php
[Wed Jun 17 17:14:07.483601 2020] [wsgi:error] [pid 21871] [remote 154.85.100.141:38114] Not Found: /pmd_online.php
[Wed Jun 17 17:14:07.903648 2020] [wsgi:error] [pid 21871] [remote 154.85.100.141:38181] Not Found: /x.php
[Wed Jun 17 17:14:08.361281 2020] [wsgi:error] [pid 21871] [remote 154.85.100.141:38237] Not Found: /shell.php
[Wed Jun 17 17:14:09.794089 2020] [wsgi:error] [pid 21871] [remote 154.85.100.141:38342] Not Found: /htdocs.php
[Wed Jun 17 17:14:10.236915 2020] [wsgi:error] [pid 21871] [remote 154.85.100.141:38407] Not Found: /b.php
[Wed Jun 17 17:14:10.654367 2020] [wsgi:error] [pid 21871] [remote 154.85.100.141:38445] Not Found: /sane.php
[Wed Jun 17 17:14:11.072278 2020] [wsgi:error] [pid 21871] [remote 154.85.100.141:38504] Not Found: /desktop.ini.php
[Wed Jun 17 17:14:11.516014 2020] [wsgi:error] [pid 21871] [remote 154.85.100.141:38570] Not Found: /z.php
[Wed Jun 17 17:14:11.914455 2020] [wsgi:error] [pid 21871] [remote 154.85.100.141:38616] Not Found: /lala.php
[Wed Jun 17 17:14:12.323985 2020] [wsgi:error] [pid 21871] [remote 154.85.100.141:38674] Not Found: /lala-dpr.php
[Wed Jun 17 17:14:13.894725 2020] [wsgi:error] [pid 21871] [remote 154.85.100.141:38812] Not Found: /wpc.php
[Wed Jun 17 17:14:14.347692 2020] [wsgi:error] [pid 21871] [remote 154.85.100.141:38876] Not Found: /wpo.php
[Wed Jun 17 17:14:14.768793 2020] [wsgi:error] [pid 21871] [remote 154.85.100.141:38922] Not Found: /t6nv.php
[Wed Jun 17 17:14:15.164689 2020] [wsgi:error] [pid 21871] [remote 154.85.100.141:38980] Not Found: /muhstik.php
[Wed Jun 17 17:14:15.717007 2020] [wsgi:error] [pid 21871] [remote 154.85.100.141:39047] Not Found: /text.php
[Wed Jun 17 17:14:16.118998 2020] [wsgi:error] [pid 21871] [remote 154.85.100.141:39119] Not Found: /wp-config.php
[Wed Jun 17 17:14:17.746757 2020] [wsgi:error] [pid 21871] [remote 154.85.100.141:39246] Not Found: /muhstik2.php
[Wed Jun 17 17:14:18.190407 2020] [wsgi:error] [pid 21871] [remote 154.85.100.141:39299] Not Found: /muhstiks.php
[Wed Jun 17 17:14:18.597661 2020] [wsgi:error] [pid 21871] [remote 154.85.100.141:39396] Not Found: /muhstik-dpr.php
[Wed Jun 17 17:14:19.011895 2020] [wsgi:error] [pid 21871] [remote 154.85.100.141:39467] Not Found: /lol.php
[Wed Jun 17 17:14:19.421925 2020] [wsgi:error] [pid 21871] [remote 154.85.100.141:39513] Not Found: /uploader.php
[Wed Jun 17 17:14:19.962578 2020] [wsgi:error] [pid 21871] [remote 154.85.100.141:39574] Not Found: /cmd.php
[Wed Jun 17 17:14:21.726651 2020] [wsgi:error] [pid 21871] [remote 154.85.100.141:39692] Not Found: /cmdd.php
[Wed Jun 17 17:14:22.123287 2020] [wsgi:error] [pid 21871] [remote 154.85.100.141:39812] Not Found: /knal.php
[Wed Jun 17 17:14:22.504082 2020] [wsgi:error] [pid 21871] [remote 154.85.100.141:39849] Not Found: /cmd.php
[Wed Jun 17 17:14:22.897962 2020] [wsgi:error] [pid 21871] [remote 154.85.100.141:39907] Not Found: /shell.php
[Wed Jun 17 17:14:23.336997 2020] [wsgi:error] [pid 21871] [remote 154.85.100.141:39973] Not Found: /appserv.php
[Wed Jun 17 17:14:23.784384 2020] [wsgi:error] [pid 21871] [remote 154.85.100.141:40023] Not Found: /scripts/setup.php
[Wed Jun 17 17:14:24.338362 2020] [wsgi:error] [pid 21871] [remote 154.85.100.141:40084] Not Found: /phpmyadmin/scripts/setup.php
[Wed Jun 17 17:14:25.753584 2020] [wsgi:error] [pid 21871] [remote 154.85.100.141:40189] Not Found: /phpMyAdmin/scripts/setup.php
[Wed Jun 17 17:14:26.188274 2020] [wsgi:error] [pid 21871] [remote 154.85.100.141:40271] Not Found: /scripts/db___.init.php
[Wed Jun 17 17:14:26.574736 2020] [wsgi:error] [pid 21871] [remote 154.85.100.141:40321] Not Found: /phpmyadmin/scripts/db___.init.php
[Wed Jun 17 17:14:27.020530 2020] [wsgi:error] [pid 21871] [remote 154.85.100.141:40382] Not Found: /phpMyAdmin/scripts/db___.init.php
[Wed Jun 17 17:14:27.513101 2020] [wsgi:error] [pid 21871] [remote 154.85.100.141:40449] Not Found: /pma/scripts/setup.php
[Wed Jun 17 17:14:27.975316 2020] [wsgi:error] [pid 21871] [remote 154.85.100.141:40529] Not Found: /PMA/scripts/setup.php
[Wed Jun 17 17:14:28.385961 2020] [wsgi:error] [pid 21871] [remote 154.85.100.141:40585] Not Found: /myadmin/scripts/setup.php
[Wed Jun 17 17:14:28.863581 2020] [wsgi:error] [pid 21871] [remote 154.85.100.141:40642] Not Found: /MyAdmin/scripts/setup.php
[Wed Jun 17 17:14:29.264730 2020] [wsgi:error] [pid 21871] [remote 154.85.100.141:40683] Not Found: /pma/scripts/db___.init.php
[Wed Jun 17 17:14:29.676628 2020] [wsgi:error] [pid 21871] [remote 154.85.100.141:40747] Not Found: /PMA/scripts/db___.init.php
[Wed Jun 17 17:14:33.717557 2020] [wsgi:error] [pid 21871] [remote 154.85.100.141:40934] Not Found: /myadmin/scripts/db___.init.php
[Wed Jun 17 17:14:37.688920 2020] [wsgi:error] [pid 21871] [remote 154.85.100.141:41131] Not Found: /MyAdmin/scripts/db___.init.php
[Wed Jun 17 17:14:41.686283 2020] [wsgi:error] [pid 21871] [remote 154.85.100.141:41283] Not Found: /plugins/weathermap/editor.php
[Wed Jun 17 17:14:45.821448 2020] [wsgi:error] [pid 21871] [remote 154.85.100.141:41663] Not Found: /cacti/plugins/weathermap/editor.php
[Wed Jun 17 17:14:49.744836 2020] [wsgi:error] [pid 21871] [remote 154.85.100.141:41760] Not Found: /weathermap/editor.php
[Wed Jun 17 17:14:50.155739 2020] [wsgi:error] [pid 21871] [remote 154.85.100.141:41940] Not Found: /index.php
[Wed Jun 17 17:14:50.580835 2020] [wsgi:error] [pid 21871] [remote 154.85.100.141:41984] Not Found: /elrekt.php
[Wed Jun 17 17:14:50.984586 2020] [wsgi:error] [pid 21871] [remote 154.85.100.141:42064] Not Found: /App/
[Wed Jun 17 17:14:51.401689 2020] [wsgi:error] [pid 21871] [remote 154.85.100.141:42131] Not Found: /index.php/module/action/param1/${@die(md5(HelloThinkPHP))}
[Wed Jun 17 17:14:51.830052 2020] [wsgi:error] [pid 21871] [remote 154.85.100.141:42211] Not Found: /index.php
[Wed Jun 17 17:16:35.565406 2020] [wsgi:error] [pid 21871] [remote 154.85.100.141:52230] Not Found: /joomla/
[Wed Jun 17 17:16:35.949049 2020] [wsgi:error] [pid 21871] [remote 154.85.100.141:52300] Not Found: /Joomla/
[Wed Jun 17 17:16:37.753834 2020] [wsgi:error] [pid 21871] [remote 154.85.100.141:52434] Not Found: /d7.php
[Wed Jun 17 17:16:38.147266 2020] [wsgi:error] [pid 21871] [remote 154.85.100.141:52586] Not Found: /rxr.php
[Wed Jun 17 17:16:38.576806 2020] [wsgi:error] [pid 21871] [remote 154.85.100.141:52695] Not Found: /1x.php
[Wed Jun 17 17:16:39.003891 2020] [wsgi:error] [pid 21871] [remote 154.85.100.141:52773] Not Found: /home.php
[Wed Jun 17 17:16:39.423880 2020] [wsgi:error] [pid 21871] [remote 154.85.100.141:52859] Not Found: /undx.php
[Wed Jun 17 17:16:39.808063 2020] [wsgi:error] [pid 21871] [remote 154.85.100.141:52928] Not Found: /spider.php
[Wed Jun 17 17:16:40.177710 2020] [wsgi:error] [pid 21871] [remote 154.85.100.141:53022] Not Found: /payload.php
[Wed Jun 17 17:16:41.730421 2020] [wsgi:error] [pid 21871] [remote 154.85.100.141:53106] Not Found: /composers.php
[Wed Jun 17 17:16:42.158229 2020] [wsgi:error] [pid 21871] [remote 154.85.100.141:53228] Not Found: /izom.php
[Wed Jun 17 17:16:42.549913 2020] [wsgi:error] [pid 21871] [remote 154.85.100.141:53322] Not Found: /composer.php
[Wed Jun 17 17:16:42.961333 2020] [wsgi:error] [pid 21871] [remote 154.85.100.141:53386] Not Found: /hue2.php
[Wed Jun 17 17:16:43.351568 2020] [wsgi:error] [pid 21871] [remote 154.85.100.141:53475] Not Found: /Drupal.php
[Wed Jun 17 17:16:43.518790 2020] [wsgi:error] [pid 21871] [remote 23.129.64.195:54217] Not Found: /async/
[Wed Jun 17 17:16:43.794914 2020] [wsgi:error] [pid 21871] [remote 154.85.100.141:53530] Not Found: /lang.php
[Wed Jun 17 17:16:44.200831 2020] [wsgi:error] [pid 21871] [remote 154.85.100.141:53591] Not Found: /izom.php
[Wed Jun 17 17:16:45.808852 2020] [wsgi:error] [pid 21871] [remote 154.85.100.141:53656] Not Found: /payload.php
[Wed Jun 17 17:16:46.189374 2020] [wsgi:error] [pid 21871] [remote 154.85.100.141:53821] Not Found: /new_license.php
[Wed Jun 17 17:16:46.610067 2020] [wsgi:error] [pid 21871] [remote 154.85.100.141:53882] Not Found: /images/!.php
[Wed Jun 17 17:16:47.031924 2020] [wsgi:error] [pid 21871] [remote 154.85.100.141:53930] Not Found: /images/vuln.php
[Wed Jun 17 17:16:47.465968 2020] [wsgi:error] [pid 21871] [remote 154.85.100.141:54020] Not Found: /hd.php
[Wed Jun 17 17:16:47.843560 2020] [wsgi:error] [pid 21871] [remote 154.85.100.141:54068] Not Found: /images/up.php
[Wed Jun 17 17:16:48.218822 2020] [wsgi:error] [pid 21871] [remote 154.85.100.141:54132] Not Found: /images/attari.php
[Wed Jun 17 17:16:49.856824 2020] [wsgi:error] [pid 21871] [remote 154.85.100.141:54319] Not Found: /images/jsspwneed.php
[Wed Jun 17 17:16:50.289785 2020] [wsgi:error] [pid 21871] [remote 154.85.100.141:54378] Not Found: /images/stories/cmd.php
[Wed Jun 17 17:16:50.735539 2020] [wsgi:error] [pid 21871] [remote 154.85.100.141:54444] Not Found: /images/stories/filemga.php
[Wed Jun 17 17:16:51.148044 2020] [wsgi:error] [pid 21871] [remote 154.85.100.141:54505] Not Found: /up.php
[Wed Jun 17 17:16:51.635692 2020] [wsgi:error] [pid 21871] [remote 154.85.100.141:54573] Not Found: /laravel.php
[Wed Jun 17 17:16:52.125017 2020] [wsgi:error] [pid 21871] [remote 154.85.100.141:54647] Not Found: /huoshan.php
[Wed Jun 17 17:16:53.820122 2020] [wsgi:error] [pid 21871] [remote 154.85.100.141:54766] Not Found: /floaw.php
[Wed Jun 17 17:16:54.207241 2020] [wsgi:error] [pid 21871] [remote 154.85.100.141:54880] Not Found: /ftmabc.php
[Wed Jun 17 17:16:54.654087 2020] [wsgi:error] [pid 21871] [remote 154.85.100.141:54949] Not Found: /doudou.php
[Wed Jun 17 17:16:55.156598 2020] [wsgi:error] [pid 21871] [remote 154.85.100.141:55032] Not Found: /mjx.php
[Wed Jun 17 17:16:55.751909 2020] [wsgi:error] [pid 21871] [remote 154.85.100.141:55125] Not Found: /xiaoxia.php
[Wed Jun 17 17:16:56.193003 2020] [wsgi:error] [pid 21871] [remote 154.85.100.141:55196] Not Found: /yuyang.php
[Wed Jun 17 17:16:57.730060 2020] [wsgi:error] [pid 21871] [remote 154.85.100.141:55330] Not Found: /coonig.php
[Wed Jun 17 17:16:58.123996 2020] [wsgi:error] [pid 21871] [remote 154.85.100.141:55463] Not Found: /ak.php
[Wed Jun 17 17:16:58.521171 2020] [wsgi:error] [pid 21871] [remote 154.85.100.141:55562] Not Found: /baidoubi.php
[Wed Jun 17 17:16:59.059683 2020] [wsgi:error] [pid 21871] [remote 154.85.100.141:55629] Not Found: /hhhhhh.php
[Wed Jun 17 17:16:59.516956 2020] [wsgi:error] [pid 21871] [remote 154.85.100.141:55690] Not Found: /meijianxue.php
[Wed Jun 17 17:16:59.931824 2020] [wsgi:error] [pid 21871] [remote 154.85.100.141:55758] Not Found: /no1.php
[Wed Jun 17 17:17:00.355964 2020] [wsgi:error] [pid 21871] [remote 154.85.100.141:55828] Not Found: /python.php
[Wed Jun 17 17:17:01.735392 2020] [wsgi:error] [pid 21871] [remote 154.85.100.141:55970] Not Found: /woshimengmei.php
[Wed Jun 17 17:17:02.196951 2020] [wsgi:error] [pid 21871] [remote 154.85.100.141:56042] Not Found: /indea.php
[Wed Jun 17 17:17:02.663149 2020] [wsgi:error] [pid 21871] [remote 154.85.100.141:56131] Not Found: /taisui.php
[Wed Jun 17 17:17:03.250684 2020] [wsgi:error] [pid 21871] [remote 154.85.100.141:56183] Not Found: /xiaxia.php
[Wed Jun 17 17:17:03.686304 2020] [wsgi:error] [pid 21871] [remote 154.85.100.141:56259] Not Found: /kk.php
[Wed Jun 17 17:17:04.083318 2020] [wsgi:error] [pid 21871] [remote 154.85.100.141:56331] Not Found: /xsser.php
[Wed Jun 17 17:17:04.639573 2020] [wsgi:error] [pid 21871] [remote 154.85.100.141:56417] Not Found: /zzz.php
[Wed Jun 17 17:17:05.702904 2020] [wsgi:error] [pid 21871] [remote 154.85.100.141:56542] Not Found: /99.php
[Wed Jun 17 17:17:06.121529 2020] [wsgi:error] [pid 21871] [remote 154.85.100.141:56588] Not Found: /dp.php
[Wed Jun 17 17:17:06.627019 2020] [wsgi:error] [pid 21871] [remote 154.85.100.141:56667] Not Found: /hs.php
[Wed Jun 17 17:17:07.096970 2020] [wsgi:error] [pid 21871] [remote 154.85.100.141:56738] Not Found: /1ts.php
[Wed Jun 17 17:17:07.542086 2020] [wsgi:error] [pid 21871] [remote 154.85.100.141:56821] Not Found: /haiyan.php
[Wed Jun 17 17:17:08.073094 2020] [wsgi:error] [pid 21871] [remote 154.85.100.141:56900] Not Found: /phpdm.php
[Wed Jun 17 17:17:08.475689 2020] [wsgi:error] [pid 21871] [remote 154.85.100.141:56973] Not Found: /root.php
[Wed Jun 17 17:17:09.780257 2020] [wsgi:error] [pid 21871] [remote 154.85.100.141:57106] Not Found: /5678.php
[Wed Jun 17 17:17:10.172683 2020] [wsgi:error] [pid 21871] [remote 154.85.100.141:57171] Not Found: /root11.php
[Wed Jun 17 17:17:10.584591 2020] [wsgi:error] [pid 21871] [remote 154.85.100.141:57250] Not Found: /xiu.php
[Wed Jun 17 17:17:10.985001 2020] [wsgi:error] [pid 21871] [remote 154.85.100.141:57311] Not Found: /wuwu11.php
[Wed Jun 17 17:17:11.394664 2020] [wsgi:error] [pid 21871] [remote 154.85.100.141:57385] Not Found: /xw.php
[Wed Jun 17 17:17:11.813126 2020] [wsgi:error] [pid 21871] [remote 154.85.100.141:57467] Not Found: /xw1.php
[Wed Jun 17 17:17:12.249584 2020] [wsgi:error] [pid 21871] [remote 154.85.100.141:57543] Not Found: /9678.php
[Wed Jun 17 17:17:13.875169 2020] [wsgi:error] [pid 21871] [remote 154.85.100.141:57769] Not Found: /xx.php
[Wed Jun 17 17:17:14.373279 2020] [wsgi:error] [pid 21871] [remote 154.85.100.141:57838] Not Found: /xx.php
[Wed Jun 17 17:17:14.841005 2020] [wsgi:error] [pid 21871] [remote 154.85.100.141:57933] Not Found: /s.php
[Wed Jun 17 17:17:15.261572 2020] [wsgi:error] [pid 21871] [remote 154.85.100.141:58010] Not Found: /w.php
[Wed Jun 17 17:17:15.701351 2020] [wsgi:error] [pid 21871] [remote 154.85.100.141:58071] Not Found: /sheep.php
[Wed Jun 17 17:17:16.059964 2020] [wsgi:error] [pid 21871] [remote 154.85.100.141:58152] Not Found: /qaq.php
[Wed Jun 17 17:17:16.555925 2020] [wsgi:error] [pid 21871] [remote 154.85.100.141:58242] Not Found: /my.php
[Wed Jun 17 17:17:17.814525 2020] [wsgi:error] [pid 21871] [remote 154.85.100.141:58391] Not Found: /qq.php
[Wed Jun 17 17:17:18.239841 2020] [wsgi:error] [pid 21871] [remote 154.85.100.141:58445] Not Found: /aaa.php
[Wed Jun 17 17:17:18.666511 2020] [wsgi:error] [pid 21871] [remote 154.85.100.141:58523] Not Found: /hhh.php
[Wed Jun 17 17:17:19.119572 2020] [wsgi:error] [pid 21871] [remote 154.85.100.141:58619] Not Found: /jjj.php
[Wed Jun 17 17:17:19.506471 2020] [wsgi:error] [pid 21871] [remote 154.85.100.141:58718] Not Found: /vvv.php
[Wed Jun 17 17:17:19.975954 2020] [wsgi:error] [pid 21871] [remote 154.85.100.141:58790] Not Found: /www.php
[Wed Jun 17 17:17:20.389723 2020] [wsgi:error] [pid 21871] [remote 154.85.100.141:58888] Not Found: /ffr.php
[Wed Jun 17 17:17:22.008166 2020] [wsgi:error] [pid 21871] [remote 154.85.100.141:59113] Not Found: /415.php
[Wed Jun 17 17:17:22.456045 2020] [wsgi:error] [pid 21871] [remote 154.85.100.141:59209] Not Found: /421.php
[Wed Jun 17 17:17:22.979339 2020] [wsgi:error] [pid 21871] [remote 154.85.100.141:59282] Not Found: /444.php
[Wed Jun 17 17:17:23.394013 2020] [wsgi:error] [pid 21871] [remote 154.85.100.141:59358] Not Found: /a411.php
[Wed Jun 17 17:17:23.765287 2020] [wsgi:error] [pid 21871] [remote 154.85.100.141:59451] Not Found: /whoami.php
[Wed Jun 17 17:17:24.210856 2020] [wsgi:error] [pid 21871] [remote 154.85.100.141:59534] Not Found: /whoami.php.php
[Wed Jun 17 17:17:24.576908 2020] [wsgi:error] [pid 21871] [remote 154.85.100.141:59610] Not Found: /9.php
[Wed Jun 17 17:17:25.710830 2020] [wsgi:error] [pid 21871] [remote 154.85.100.141:59756] Not Found: /98k.php
[Wed Jun 17 17:17:26.130429 2020] [wsgi:error] [pid 21871] [remote 154.85.100.141:59819] Not Found: /981.php
[Wed Jun 17 17:17:26.576381 2020] [wsgi:error] [pid 21871] [remote 154.85.100.141:59905] Not Found: /887.php
[Wed Jun 17 17:17:27.050255 2020] [wsgi:error] [pid 21871] [remote 154.85.100.141:59988] Not Found: /888.php
[Wed Jun 17 17:17:27.480364 2020] [wsgi:error] [pid 21871] [remote 154.85.100.141:60059] Not Found: /aa.php
[Wed Jun 17 17:17:27.972300 2020] [wsgi:error] [pid 21871] [remote 154.85.100.141:60141] Not Found: /bb.php
[Wed Jun 17 17:17:28.470993 2020] [wsgi:error] [pid 21871] [remote 154.85.100.141:60227] Not Found: /pp.php
[Wed Jun 17 17:17:29.692234 2020] [wsgi:error] [pid 21871] [remote 154.85.100.141:60318] Not Found: /tt.php
[Wed Jun 17 17:17:30.175759 2020] [wsgi:error] [pid 21871] [remote 154.85.100.141:60415] Not Found: /bbq.php
[Wed Jun 17 17:17:30.659490 2020] [wsgi:error] [pid 21871] [remote 154.85.100.141:60476] Not Found: /jj1.php
[Wed Jun 17 17:17:31.151525 2020] [wsgi:error] [pid 21871] [remote 154.85.100.141:60556] Not Found: /jbb.php
[Wed Jun 17 17:17:31.540231 2020] [wsgi:error] [pid 21871] [remote 154.85.100.141:60631] Not Found: /7o.php
[Wed Jun 17 17:17:31.984309 2020] [wsgi:error] [pid 21871] [remote 154.85.100.141:60700] Not Found: /qwq.php
[Wed Jun 17 17:17:32.413723 2020] [wsgi:error] [pid 21871] [remote 154.85.100.141:60782] Not Found: /nb.php
[Wed Jun 17 17:17:33.945184 2020] [wsgi:error] [pid 21871] [remote 154.85.100.141:60973] Not Found: /hgx.php
[Wed Jun 17 17:17:34.328639 2020] [wsgi:error] [pid 21871] [remote 154.85.100.141:61057] Not Found: /ppl.php
[Wed Jun 17 17:17:34.771613 2020] [wsgi:error] [pid 21871] [remote 154.85.100.141:61149] Not Found: /tty.php
[Wed Jun 17 17:17:35.175884 2020] [wsgi:error] [pid 21871] [remote 154.85.100.141:61212] Not Found: /ooi.php
[Wed Jun 17 17:17:35.623087 2020] [wsgi:error] [pid 21871] [remote 154.85.100.141:61298] Not Found: /aap.php
[Wed Jun 17 17:17:36.054096 2020] [wsgi:error] [pid 21871] [remote 154.85.100.141:61376] Not Found: /app.php
[Wed Jun 17 17:17:36.604794 2020] [wsgi:error] [pid 21871] [remote 154.85.100.141:61454] Not Found: /bbr.php
[Wed Jun 17 17:18:09.709635 2020] [wsgi:error] [pid 21871] [remote 154.85.100.141:63430] Not Found: /nnn.php
[Wed Jun 17 17:18:13.699107 2020] [wsgi:error] [pid 21871] [remote 154.85.100.141:63731] Not Found: /rrr.php
[Wed Jun 17 17:18:17.710738 2020] [wsgi:error] [pid 21871] [remote 154.85.100.141:63970] Not Found: /ttt.php
[Wed Jun 17 17:18:21.698243 2020] [wsgi:error] [pid 21871] [remote 154.85.100.141:64223] Not Found: /bbqq.php
[Wed Jun 17 17:18:25.695823 2020] [wsgi:error] [pid 21871] [remote 154.85.100.141:64487] Not Found: /tyrant.php
[Wed Jun 17 17:18:29.694401 2020] [wsgi:error] [pid 21871] [remote 154.85.100.141:64735] Not Found: /qiqi.php
[Wed Jun 17 17:18:33.692533 2020] [wsgi:error] [pid 21871] [remote 154.85.100.141:65055] Not Found: /qiqi1.php
[Wed Jun 17 17:18:37.688001 2020] [wsgi:error] [pid 21871] [remote 154.85.100.141:65295] Not Found: /zhk.php
[Wed Jun 17 17:18:41.729767 2020] [wsgi:error] [pid 21871] [remote 154.85.100.141:1094] Not Found: /bbv.php
[Wed Jun 17 17:18:45.694298 2020] [wsgi:error] [pid 21871] [remote 154.85.100.141:1346] Not Found: /605.php
[Wed Jun 17 17:18:49.700299 2020] [wsgi:error] [pid 21871] [remote 154.85.100.141:1653] Not Found: /admin1.php
[Wed Jun 17 17:18:53.694487 2020] [wsgi:error] [pid 21871] [remote 154.85.100.141:1912] Not Found: /xi.php
[Wed Jun 17 17:18:57.707583 2020] [wsgi:error] [pid 21871] [remote 154.85.100.141:2191] Not Found: /999.php
[Wed Jun 17 17:19:01.696529 2020] [wsgi:error] [pid 21871] [remote 154.85.100.141:2533] Not Found: /jsc.php
[Wed Jun 17 17:19:05.681809 2020] [wsgi:error] [pid 21871] [remote 154.85.100.141:2713] Not Found: /jsc.php.php
[Wed Jun 17 17:19:09.685710 2020] [wsgi:error] [pid 21871] [remote 154.85.100.141:3005] Not Found: /jsc.php
[Wed Jun 17 17:19:13.707557 2020] [wsgi:error] [pid 21871] [remote 154.85.100.141:3197] Not Found: /seeyon/htmlofficeservlet
[Wed Jun 17 17:19:17.694950 2020] [wsgi:error] [pid 21871] [remote 154.85.100.141:3524] Not Found: /secure/ContactAdministrators!default.jspa
[Wed Jun 17 17:19:21.739711 2020] [wsgi:error] [pid 21871] [remote 154.85.100.141:3923] Not Found: /solr/
[Wed Jun 17 17:19:25.699357 2020] [wsgi:error] [pid 21871] [remote 154.85.100.141:4014] Not Found: /console/login/LoginForm.jsp
[Wed Jun 17 17:19:29.698441 2020] [wsgi:error] [pid 21871] [remote 154.85.100.141:4245] Not Found: /index.php
[Wed Jun 17 17:19:29.887763 2020] [wsgi:error] [pid 21871] [remote 154.85.100.141:4245] Not Found: /user/register
[Wed Jun 17 17:23:35.369802 2020] [wsgi:error] [pid 21871] [remote 154.85.100.141:19927] Not Found: /joomla/
[Wed Jun 17 17:23:35.776090 2020] [wsgi:error] [pid 21871] [remote 154.85.100.141:20037] Not Found: /user.php
[Wed Jun 17 17:23:36.174269 2020] [wsgi:error] [pid 21871] [remote 154.85.100.141:20127] Not Found: /index.php
[Wed Jun 17 17:23:37.772000 2020] [wsgi:error] [pid 21871] [remote 154.85.100.141:20243] Not Found: /phpmyadmin/index.php
[Wed Jun 17 17:23:38.251675 2020] [wsgi:error] [pid 21871] [remote 154.85.100.141:20332] Not Found: /phpMyAdmin/index.php
[Wed Jun 17 17:23:38.822130 2020] [wsgi:error] [pid 21871] [remote 154.85.100.141:20461] Not Found: /pmd/index.php
[Wed Jun 17 17:23:39.223323 2020] [wsgi:error] [pid 21871] [remote 154.85.100.141:20535] Not Found: /pma/index.php
[Wed Jun 17 17:23:39.796369 2020] [wsgi:error] [pid 21871] [remote 154.85.100.141:20608] Not Found: /PMA/index.php
[Wed Jun 17 17:23:40.169853 2020] [wsgi:error] [pid 21871] [remote 154.85.100.141:20698] Not Found: /PMA2/index.php
[Wed Jun 17 17:23:41.709694 2020] [wsgi:error] [pid 21871] [remote 154.85.100.141:20844] Not Found: /pmamy/index.php
[Wed Jun 17 17:23:42.139978 2020] [wsgi:error] [pid 21871] [remote 154.85.100.141:20910] Not Found: /pmamy2/index.php
[Wed Jun 17 17:23:42.618829 2020] [wsgi:error] [pid 21871] [remote 154.85.100.141:21012] Not Found: /mysql/index.php
[Wed Jun 17 17:23:43.149208 2020] [wsgi:error] [pid 21871] [remote 154.85.100.141:21115] Not Found: /admin/index.php
[Wed Jun 17 17:23:43.520355 2020] [wsgi:error] [pid 21871] [remote 154.85.100.141:21173] Not Found: /db/index.php
[Wed Jun 17 17:23:43.912059 2020] [wsgi:error] [pid 21871] [remote 154.85.100.141:21233] Not Found: /dbadmin/index.php
[Wed Jun 17 17:23:45.743389 2020] [wsgi:error] [pid 21871] [remote 154.85.100.141:21389] Not Found: /admin/pma/index.php
[Wed Jun 17 17:23:46.157470 2020] [wsgi:error] [pid 21871] [remote 154.85.100.141:21518] Not Found: /admin/PMA/index.php
[Wed Jun 17 17:23:46.559580 2020] [wsgi:error] [pid 21871] [remote 154.85.100.141:21599] Not Found: /admin/mysql/index.php
[Wed Jun 17 17:23:46.946305 2020] [wsgi:error] [pid 21871] [remote 154.85.100.141:21673] Not Found: /admin/mysql2/index.php
[Wed Jun 17 17:23:47.389749 2020] [wsgi:error] [pid 21871] [remote 154.85.100.141:21792] Not Found: /admin/phpmyadmin/index.php
[Wed Jun 17 17:23:47.862934 2020] [wsgi:error] [pid 21871] [remote 154.85.100.141:21893] Not Found: /admin/phpMyAdmin/index.php
[Wed Jun 17 17:23:49.733898 2020] [wsgi:error] [pid 21871] [remote 154.85.100.141:22027] Not Found: /mysqladmin/index.php
[Wed Jun 17 17:23:50.187129 2020] [wsgi:error] [pid 21871] [remote 154.85.100.141:22147] Not Found: /mysql-admin/index.php
[Wed Jun 17 17:23:50.665598 2020] [wsgi:error] [pid 21871] [remote 154.85.100.141:22252] Not Found: /mysql_admin/index.php
[Wed Jun 17 17:23:51.087047 2020] [wsgi:error] [pid 21871] [remote 154.85.100.141:22348] Not Found: /phpadmin/index.php
[Wed Jun 17 17:23:51.559042 2020] [wsgi:error] [pid 21871] [remote 154.85.100.141:22431] Not Found: /phpAdmin/index.php
[Wed Jun 17 17:23:52.009136 2020] [wsgi:error] [pid 21871] [remote 154.85.100.141:22528] Not Found: /phpmyadmin0/index.php
[Wed Jun 17 17:23:53.752352 2020] [wsgi:error] [pid 21871] [remote 154.85.100.141:22654] Not Found: /phpmyadmin2/index.php
[Wed Jun 17 17:23:54.196831 2020] [wsgi:error] [pid 21871] [remote 154.85.100.141:22822] Not Found: /phpMyAdmin-4.4.0/index.php
[Wed Jun 17 17:23:54.574317 2020] [wsgi:error] [pid 21871] [remote 154.85.100.141:22893] Not Found: /phpMyAdmin4.8.0/index.php
[Wed Jun 17 17:23:54.930237 2020] [wsgi:error] [pid 21871] [remote 154.85.100.141:23008] Not Found: /phpMyAdmin4.8.1/index.php
[Wed Jun 17 17:23:55.306077 2020] [wsgi:error] [pid 21871] [remote 154.85.100.141:23121] Not Found: /phpMyAdmin4.8.2/index.php
[Wed Jun 17 17:23:55.688895 2020] [wsgi:error] [pid 21871] [remote 154.85.100.141:23264] Not Found: /phpMyAdmin4.8.3/index.php
[Wed Jun 17 17:23:56.156529 2020] [wsgi:error] [pid 21871] [remote 154.85.100.141:23386] Not Found: /phpMyAdmin4.8.4/index.php
[Wed Jun 17 17:23:57.711976 2020] [wsgi:error] [pid 21871] [remote 154.85.100.141:23599] Not Found: /phpMyAdmin4.8.5/index.php
[Wed Jun 17 17:23:58.162358 2020] [wsgi:error] [pid 21871] [remote 154.85.100.141:23729] Not Found: /myadmin/index.php
[Wed Jun 17 17:23:58.591103 2020] [wsgi:error] [pid 21871] [remote 154.85.100.141:23828] Not Found: /myadmin2/index.php
[Wed Jun 17 17:23:58.961165 2020] [wsgi:error] [pid 21871] [remote 154.85.100.141:23915] Not Found: /xampp/phpmyadmin/index.php
[Wed Jun 17 17:23:59.370794 2020] [wsgi:error] [pid 21871] [remote 154.85.100.141:24035] Not Found: /phpMyadmin_bak/index.php
[Wed Jun 17 17:23:59.777532 2020] [wsgi:error] [pid 21871] [remote 154.85.100.141:24143] Not Found: /www/phpMyAdmin/index.php
[Wed Jun 17 17:24:00.231100 2020] [wsgi:error] [pid 21871] [remote 154.85.100.141:24235] Not Found: /tools/phpMyAdmin/index.php
[Wed Jun 17 17:24:01.895919 2020] [wsgi:error] [pid 21871] [remote 154.85.100.141:24377] Not Found: /phpmyadmin-old/index.php
[Wed Jun 17 17:24:02.386128 2020] [wsgi:error] [pid 21871] [remote 154.85.100.141:24453] Not Found: /phpMyAdminold/index.php
[Wed Jun 17 17:24:02.900767 2020] [wsgi:error] [pid 21871] [remote 154.85.100.141:24540] Not Found: /phpMyAdmin.old/index.php
[Wed Jun 17 17:24:03.291344 2020] [wsgi:error] [pid 21871] [remote 154.85.100.141:24615] Not Found: /pma-old/index.php
[Wed Jun 17 17:24:03.792762 2020] [wsgi:error] [pid 21871] [remote 154.85.100.141:24695] Not Found: /claroline/phpMyAdmin/index.php
[Wed Jun 17 17:24:04.209361 2020] [wsgi:error] [pid 21871] [remote 154.85.100.141:24780] Not Found: /typo3/phpmyadmin/index.php
[Wed Jun 17 17:24:05.703062 2020] [wsgi:error] [pid 21871] [remote 154.85.100.141:24914] Not Found: /phpma/index.php
[Wed Jun 17 17:24:06.145158 2020] [wsgi:error] [pid 21871] [remote 154.85.100.141:24979] Not Found: /phpmyadmin/phpmyadmin/index.php
[Wed Jun 17 17:24:06.695878 2020] [wsgi:error] [pid 21871] [remote 154.85.100.141:25061] Not Found: /phpMyAdmin/phpMyAdmin/index.php
[Wed Jun 17 17:24:07.172808 2020] [wsgi:error] [pid 21871] [remote 154.85.100.141:25135] Not Found: /phpMyAbmin/index.php
[Wed Jun 17 17:24:07.536651 2020] [wsgi:error] [pid 21871] [remote 154.85.100.141:25213] Not Found: /phpMyAdmin__/index.php
[Wed Jun 17 17:24:08.041931 2020] [wsgi:error] [pid 21871] [remote 154.85.100.141:25289] Not Found: /phpMyAdmin+++---/index.php
[Wed Jun 17 17:24:09.754248 2020] [wsgi:error] [pid 21871] [remote 154.85.100.141:25479] Not Found: /phpmyadm1n/index.php
[Wed Jun 17 17:24:10.246412 2020] [wsgi:error] [pid 21871] [remote 154.85.100.141:25553] Not Found: /phpMyAdm1n/index.php
[Wed Jun 17 17:24:10.731244 2020] [wsgi:error] [pid 21871] [remote 154.85.100.141:25618] Not Found: /shaAdmin/index.php
[Wed Jun 17 17:24:11.222524 2020] [wsgi:error] [pid 21871] [remote 154.85.100.141:25694] Not Found: /phpMyadmi/index.php
[Wed Jun 17 17:24:11.674668 2020] [wsgi:error] [pid 21871] [remote 154.85.100.141:25808] Not Found: /phpMyAdmion/index.php
[Wed Jun 17 17:24:12.233824 2020] [wsgi:error] [pid 21871] [remote 154.85.100.141:25885] Not Found: /s/index.php
[Wed Jun 17 17:24:12.617261 2020] [wsgi:error] [pid 21871] [remote 154.85.100.141:25974] Not Found: /MyAdmin/index.php
[Wed Jun 17 17:24:13.034440 2020] [wsgi:error] [pid 21871] [remote 154.85.100.141:26050] Not Found: /phpMyAdmin1/index.php
[Wed Jun 17 17:24:13.404326 2020] [wsgi:error] [pid 21871] [remote 154.85.100.141:26130] Not Found: /phpMyAdmin123/index.php
[Wed Jun 17 17:24:25.774197 2020] [wsgi:error] [pid 21871] [remote 154.85.100.141:26759] Not Found: /phpMyAdmins/index.php
[Wed Jun 17 17:24:28.912149 2020] [wsgi:error] [pid 21871] [remote 195.54.160.135:52262] Not Found: /solr/admin/info/system
[Wed Jun 17 17:24:29.721430 2020] [wsgi:error] [pid 21871] [remote 154.85.100.141:26863] Not Found: /phpMyAdmin._/index.php
[Wed Jun 17 17:24:33.714776 2020] [wsgi:error] [pid 21871] [remote 154.85.100.141:27105] Not Found: /phpMyAdmin._2/index.php
[Wed Jun 17 17:24:37.768825 2020] [wsgi:error] [pid 21871] [remote 154.85.100.141:27296] Not Found: /phpmyadmin2222/index.php
[Wed Jun 17 17:24:41.766174 2020] [wsgi:error] [pid 21871] [remote 154.85.100.141:27631] Not Found: /phpMyAdmin333/index.php
[Wed Jun 17 17:24:45.715173 2020] [wsgi:error] [pid 21871] [remote 154.85.100.141:27746] Not Found: /phpmyadmin3333/index.php
[Wed Jun 17 17:24:49.727271 2020] [wsgi:error] [pid 21871] [remote 154.85.100.141:27986] Not Found: /phpiMyAdmin/index.php
[Wed Jun 17 17:24:53.744918 2020] [wsgi:error] [pid 21871] [remote 154.85.100.141:28246] Not Found: /1/index.php
[Wed Jun 17 17:24:57.732878 2020] [wsgi:error] [pid 21871] [remote 154.85.100.141:28578] Not Found: /phpMyAdmin_111/index.php
[Wed Jun 17 17:24:58.155266 2020] [wsgi:error] [pid 21871] [remote 154.85.100.141:28703] Not Found: /phpmadmin/index.php
[Wed Jun 17 17:24:58.648045 2020] [wsgi:error] [pid 21871] [remote 154.85.100.141:28799] Not Found: /321/index.php
[Wed Jun 17 17:24:59.157856 2020] [wsgi:error] [pid 21871] [remote 154.85.100.141:28864] Not Found: /123131/index.php
[Wed Jun 17 17:24:59.545267 2020] [wsgi:error] [pid 21871] [remote 154.85.100.141:28946] Not Found: /phpMyAdminn/index.php
[Wed Jun 17 17:24:59.970792 2020] [wsgi:error] [pid 21871] [remote 154.85.100.141:29072] Not Found: /phpMyAdminhf/index.php
[Wed Jun 17 17:25:01.722772 2020] [wsgi:error] [pid 21871] [remote 154.85.100.141:29210] Not Found: /sbb/index.php
[Wed Jun 17 17:25:02.141258 2020] [wsgi:error] [pid 21871] [remote 154.85.100.141:29328] Not Found: /WWW/phpMyAdmin/index.php
[Wed Jun 17 17:25:02.546738 2020] [wsgi:error] [pid 21871] [remote 154.85.100.141:29388] Not Found: /phpMyAdmln/index.php
[Wed Jun 17 17:25:02.973850 2020] [wsgi:error] [pid 21871] [remote 154.85.100.141:29464] Not Found: /phpMyAdmin_ai/index.php
[Wed Jun 17 17:25:03.467841 2020] [wsgi:error] [pid 21871] [remote 154.85.100.141:29563] Not Found: /__phpMyAdmin/index.php
[Wed Jun 17 17:25:03.920593 2020] [wsgi:error] [pid 21871] [remote 154.85.100.141:29648] Not Found: /program/index.php
[Wed Jun 17 17:25:05.850612 2020] [wsgi:error] [pid 21871] [remote 154.85.100.141:29764] Not Found: /shopdb/index.php
[Wed Jun 17 17:25:06.337291 2020] [wsgi:error] [pid 21871] [remote 154.85.100.141:29909] Not Found: /phppma/index.php
[Wed Jun 17 17:25:06.825868 2020] [wsgi:error] [pid 21871] [remote 154.85.100.141:30012] Not Found: /phpmy/index.php
[Wed Jun 17 17:25:07.348367 2020] [wsgi:error] [pid 21871] [remote 154.85.100.141:30126] Not Found: /mysql/admin/index.php
[Wed Jun 17 17:25:07.775103 2020] [wsgi:error] [pid 21871] [remote 154.85.100.141:30235] Not Found: /mysql/dbadmin/index.php
[Wed Jun 17 17:25:09.784326 2020] [wsgi:error] [pid 21871] [remote 154.85.100.141:30383] Not Found: /mysql/mysqlmanager/index.php
[Wed Jun 17 17:25:10.243196 2020] [wsgi:error] [pid 21871] [remote 154.85.100.141:30528] Not Found: /wp-content/plugins/portable-phpmyadmin/wp-pma-mod/index.php
[Wed Jun 17 17:25:10.616879 2020] [wsgi:error] [pid 21871] [remote 154.85.100.141:30619] Not Found: /sqladmin/index.php
[Wed Jun 17 17:25:11.062927 2020] [wsgi:error] [pid 21871] [remote 154.85.100.141:30735] Not Found: /sql/index.php
[Wed Jun 17 17:25:11.455513 2020] [wsgi:error] [pid 21871] [remote 154.85.100.141:30838] Not Found: /SQL/index.php
[Wed Jun 17 17:25:11.827108 2020] [wsgi:error] [pid 21871] [remote 154.85.100.141:30972] Not Found: /websql/index.php
[Wed Jun 17 17:25:13.730308 2020] [wsgi:error] [pid 21871] [remote 154.85.100.141:31178] Not Found: /manager/html
[Wed Jun 17 17:25:14.136682 2020] [wsgi:error] [pid 21871] [remote 154.85.100.141:31321] Not Found: /axis2/axis2-admin/login
[Wed Jun 17 17:29:31.711260 2020] [wsgi:error] [pid 21871] [remote 189.5.158.27:55617] Not Found: /favicon.ico
Exception ignored in: <bound method BaseEventLoop.__del__ of <_UnixSelectorEventLoop running=False closed=False debug=False>>
Traceback (most recent call last):
  File "/usr/lib64/python3.6/asyncio/base_events.py", line 526, in __del__
NameError: name 'ResourceWarning' is not defined
[Wed Jun 17 17:47:58.056775 2020] [wsgi:error] [pid 749] [remote 189.5.158.27:55812] Not Found: /favicon.ico
Exception ignored in: <bound method BaseEventLoop.__del__ of <_UnixSelectorEventLoop running=False closed=False debug=False>>
Traceback (most recent call last):
  File "/usr/lib64/python3.6/asyncio/base_events.py", line 526, in __del__
NameError: name 'ResourceWarning' is not defined
[Wed Jun 17 18:59:18.842707 2020] [wsgi:error] [pid 8860] [remote 37.187.72.216:52987] Not Found: /.well-known/acme-challenge/89a77acfd87e5ba861417612078fc3cakey
[Wed Jun 17 19:22:44.273364 2020] [wsgi:error] [pid 8860] [remote 157.55.39.43:20154] Not Found: /robots.txt
[Wed Jun 17 20:54:11.182010 2020] [wsgi:error] [pid 8860] [remote 83.146.116.52:51766] Not Found: /administrator/
[Wed Jun 17 20:54:11.349611 2020] [wsgi:error] [pid 8860] [remote 83.146.116.52:51766] Not Found: /administrator/index.php
[Wed Jun 17 20:54:11.687492 2020] [wsgi:error] [pid 8860] [remote 83.146.116.52:51775] Not Found: /wp-login.php
[Wed Jun 17 20:54:11.861886 2020] [wsgi:error] [pid 8860] [remote 83.146.116.52:51775] Not Found: /wp-admin/
[Wed Jun 17 20:54:12.202828 2020] [wsgi:error] [pid 8860] [remote 83.146.116.52:51789] Not Found: /admin.php
[Wed Jun 17 20:54:18.898827 2020] [wsgi:error] [pid 8860] [remote 81.17.16.148:4131] Not Found: /administrator/
[Wed Jun 17 20:54:19.511452 2020] [wsgi:error] [pid 8860] [remote 81.17.16.148:4131] Not Found: /administrator/index.php
[Wed Jun 17 20:54:20.933164 2020] [wsgi:error] [pid 8860] [remote 54.38.81.231:42656] Not Found: /wp-login.php
[Wed Jun 17 20:54:21.290824 2020] [wsgi:error] [pid 8860] [remote 54.38.81.231:42656] Not Found: /wp-admin/
[Wed Jun 17 20:54:22.265972 2020] [wsgi:error] [pid 8860] [remote 66.70.228.168:47136] Not Found: /admin.php
[Thu Jun 18 02:40:14.454986 2020] [wsgi:error] [pid 8860] [remote 189.5.136.191:58361] Not Found: /favicon.ico
Exception ignored in: <bound method BaseEventLoop.__del__ of <_UnixSelectorEventLoop running=False closed=False debug=False>>
Traceback (most recent call last):
  File "/usr/lib64/python3.6/asyncio/base_events.py", line 526, in __del__
NameError: name 'ResourceWarning' is not defined
[Thu Jun 18 09:17:55.932268 2020] [wsgi:error] [pid 20545] [remote 157.55.39.32:7049] Not Found: /robots.txt
[Thu Jun 18 13:59:07.114052 2020] [wsgi:error] [pid 20545] [remote 157.230.37.15:50478] Not Found: /siteindex.php
[Thu Jun 18 14:04:25.427437 2020] [wsgi:error] [pid 20545] [remote 189.5.158.27:57851] Not Found: /favicon.ico
[Thu Jun 18 14:05:09.587066 2020] [wsgi:error] [pid 20545] [remote 189.5.158.27:57937] Not Found: /favicon.ico
[Thu Jun 18 21:36:09.815057 2020] [wsgi:error] [pid 20545] [remote 157.55.39.34:20575] Not Found: /robots.txt
[Fri Jun 19 03:14:54.410949 2020] [wsgi:error] [pid 20545] [remote 207.46.13.31:6688] Not Found: /robots.txt
Exception ignored in: <bound method BaseEventLoop.__del__ of <_UnixSelectorEventLoop running=False closed=False debug=False>>
Traceback (most recent call last):
  File "/usr/lib64/python3.6/asyncio/base_events.py", line 526, in __del__
NameError: name 'ResourceWarning' is not defined
[Fri Jun 19 10:34:57.308085 2020] [wsgi:error] [pid 32024] [remote 157.55.39.34:11605] Not Found: /robots.txt
[Fri Jun 19 12:18:25.959720 2020] [wsgi:error] [pid 32024] [remote 189.5.158.27:63813] Not Found: /favicon.ico
[Fri Jun 19 15:36:12.513351 2020] [wsgi:error] [pid 32024] [remote 192.71.42.108:50650] Not Found: /robots.txt
[Fri Jun 19 15:36:12.797514 2020] [wsgi:error] [pid 32024] [remote 192.71.12.140:45984] Not Found: /humans.txt
[Fri Jun 19 15:36:13.038610 2020] [wsgi:error] [pid 32024] [remote 192.71.23.211:14661] Not Found: /ads.txt
[Fri Jun 19 17:24:15.527744 2020] [wsgi:error] [pid 32024] [remote 37.187.132.5:48375] Not Found: /index.php
[Fri Jun 19 23:04:37.357497 2020] [wsgi:error] [pid 32024] [remote 157.55.39.24:9160] Not Found: /robots.txt
[Sat Jun 20 06:01:16.826086 2020] [wsgi:error] [pid 32024] [remote 51.158.97.148:52676] Not Found: /ads.txt
Exception ignored in: <bound method BaseEventLoop.__del__ of <_UnixSelectorEventLoop running=False closed=False debug=False>>
Traceback (most recent call last):
  File "/usr/lib64/python3.6/asyncio/base_events.py", line 526, in __del__
NameError: name 'ResourceWarning' is not defined
[Sat Jun 20 08:11:31.930992 2020] [wsgi:error] [pid 30523] [remote 69.10.44.100:64233] Not Found: /wp-includes/wlwmanifest.xml
[Sat Jun 20 08:11:31.956448 2020] [wsgi:error] [pid 30523] [remote 69.10.44.100:64233] Not Found: /xmlrpc.php
[Sat Jun 20 08:11:32.215875 2020] [wsgi:error] [pid 30523] [remote 69.10.44.100:64233] Not Found: /blog/wp-includes/wlwmanifest.xml
[Sat Jun 20 08:11:32.622310 2020] [wsgi:error] [pid 30523] [remote 69.10.44.100:64233] Not Found: /wordpress/wp-includes/wlwmanifest.xml
[Sat Jun 20 08:11:32.646456 2020] [wsgi:error] [pid 30523] [remote 69.10.44.100:64233] Not Found: /wp/wp-includes/wlwmanifest.xml
[Sat Jun 20 08:11:32.720728 2020] [wsgi:error] [pid 30523] [remote 69.10.44.100:64233] Not Found: /site/wp-includes/wlwmanifest.xml
[Sat Jun 20 08:11:32.745267 2020] [wsgi:error] [pid 30523] [remote 69.10.44.100:64233] Not Found: /cms/wp-includes/wlwmanifest.xml
[Sat Jun 20 13:51:28.112017 2020] [wsgi:error] [pid 30523] [remote 157.55.39.24:8050] Not Found: /robots.txt
[Sat Jun 20 20:20:39.932292 2020] [wsgi:error] [pid 30523] [remote 51.255.43.81:39551] Not Found: /wp-content/themes/wp-update.php
[Sun Jun 21 00:22:30.796308 2020] [wsgi:error] [pid 30523] [remote 157.55.39.24:7544] Not Found: /robots.txt
Exception ignored in: <bound method BaseEventLoop.__del__ of <_UnixSelectorEventLoop running=False closed=False debug=False>>
Traceback (most recent call last):
  File "/usr/lib64/python3.6/asyncio/base_events.py", line 526, in __del__
NameError: name 'ResourceWarning' is not defined
Exception ignored in: <bound method BaseEventLoop.__del__ of <_UnixSelectorEventLoop running=False closed=False debug=False>>
Traceback (most recent call last):
  File "/usr/lib64/python3.6/asyncio/base_events.py", line 526, in __del__
NameError: name 'ResourceWarning' is not defined
[Mon Jun 22 06:43:54.265398 2020] [wsgi:error] [pid 3630] [remote 66.249.66.215:45260] Not Found: /robots.txt
[Mon Jun 22 06:43:54.319815 2020] [wsgi:error] [pid 3630] [remote 66.249.66.217:48834] Not Found: /SitePages/frmFaleConosco.aspx
[Mon Jun 22 08:13:53.100895 2020] [wsgi:error] [pid 3630] [remote 66.249.66.215:38880] Not Found: /blog/
[Tue Jun 23 05:36:06.201219 2020] [wsgi:error] [pid 3630] [remote 207.46.13.236:25399] Not Found: /robots.txt
Exception ignored in: <bound method BaseEventLoop.__del__ of <_UnixSelectorEventLoop running=False closed=False debug=False>>
Traceback (most recent call last):
  File "/usr/lib64/python3.6/asyncio/base_events.py", line 526, in __del__
NameError: name 'ResourceWarning' is not defined
Exception ignored in: <bound method BaseEventLoop.__del__ of <_UnixSelectorEventLoop running=False closed=False debug=False>>
Traceback (most recent call last):
  File "/usr/lib64/python3.6/asyncio/base_events.py", line 526, in __del__
NameError: name 'ResourceWarning' is not defined
[Wed Jun 24 12:04:44.183659 2020] [wsgi:error] [pid 31303] [remote 189.63.28.150:61570] Not Found: /favicon.ico
[Wed Jun 24 12:23:23.155735 2020] [wsgi:error] [pid 31303] [remote 189.63.28.150:62484] Internal Server Error: /
[Wed Jun 24 12:23:23.156845 2020] [wsgi:error] [pid 31303] [remote 189.63.28.150:62484] Traceback (most recent call last):
[Wed Jun 24 12:23:23.156862 2020] [wsgi:error] [pid 31303] [remote 189.63.28.150:62484]   File "/var/www/silva/venv/lib/python3.6/site-packages/django/template/base.py", line 469, in parse
[Wed Jun 24 12:23:23.156865 2020] [wsgi:error] [pid 31303] [remote 189.63.28.150:62484]     compile_func = self.tags[command]
[Wed Jun 24 12:23:23.156868 2020] [wsgi:error] [pid 31303] [remote 189.63.28.150:62484] KeyError: 'modbus.r_hsl[1]'
[Wed Jun 24 12:23:23.156871 2020] [wsgi:error] [pid 31303] [remote 189.63.28.150:62484] 
[Wed Jun 24 12:23:23.156878 2020] [wsgi:error] [pid 31303] [remote 189.63.28.150:62484] During handling of the above exception, another exception occurred:
[Wed Jun 24 12:23:23.156881 2020] [wsgi:error] [pid 31303] [remote 189.63.28.150:62484] 
[Wed Jun 24 12:23:23.156884 2020] [wsgi:error] [pid 31303] [remote 189.63.28.150:62484] Traceback (most recent call last):
[Wed Jun 24 12:23:23.156889 2020] [wsgi:error] [pid 31303] [remote 189.63.28.150:62484]   File "/var/www/silva/venv/lib/python3.6/site-packages/django/core/handlers/exception.py", line 34, in inner
[Wed Jun 24 12:23:23.156892 2020] [wsgi:error] [pid 31303] [remote 189.63.28.150:62484]     response = get_response(request)
[Wed Jun 24 12:23:23.156894 2020] [wsgi:error] [pid 31303] [remote 189.63.28.150:62484]   File "/var/www/silva/venv/lib/python3.6/site-packages/django/core/handlers/base.py", line 115, in _get_response
[Wed Jun 24 12:23:23.156897 2020] [wsgi:error] [pid 31303] [remote 189.63.28.150:62484]     response = self.process_exception_by_middleware(e, request)
[Wed Jun 24 12:23:23.156900 2020] [wsgi:error] [pid 31303] [remote 189.63.28.150:62484]   File "/var/www/silva/venv/lib/python3.6/site-packages/django/core/handlers/base.py", line 113, in _get_response
[Wed Jun 24 12:23:23.156906 2020] [wsgi:error] [pid 31303] [remote 189.63.28.150:62484]     response = wrapped_callback(request, *callback_args, **callback_kwargs)
[Wed Jun 24 12:23:23.156914 2020] [wsgi:error] [pid 31303] [remote 189.63.28.150:62484]   File "/var/www/silva/core/views.py", line 5, in index
[Wed Jun 24 12:23:23.156916 2020] [wsgi:error] [pid 31303] [remote 189.63.28.150:62484]     return render(request, 'index.html')
[Wed Jun 24 12:23:23.156919 2020] [wsgi:error] [pid 31303] [remote 189.63.28.150:62484]   File "/var/www/silva/venv/lib/python3.6/site-packages/django/shortcuts.py", line 19, in render
[Wed Jun 24 12:23:23.156922 2020] [wsgi:error] [pid 31303] [remote 189.63.28.150:62484]     content = loader.render_to_string(template_name, context, request, using=using)
[Wed Jun 24 12:23:23.156924 2020] [wsgi:error] [pid 31303] [remote 189.63.28.150:62484]   File "/var/www/silva/venv/lib/python3.6/site-packages/django/template/loader.py", line 61, in render_to_string
[Wed Jun 24 12:23:23.156927 2020] [wsgi:error] [pid 31303] [remote 189.63.28.150:62484]     template = get_template(template_name, using=using)
[Wed Jun 24 12:23:23.156930 2020] [wsgi:error] [pid 31303] [remote 189.63.28.150:62484]   File "/var/www/silva/venv/lib/python3.6/site-packages/django/template/loader.py", line 15, in get_template
[Wed Jun 24 12:23:23.156932 2020] [wsgi:error] [pid 31303] [remote 189.63.28.150:62484]     return engine.get_template(template_name)
[Wed Jun 24 12:23:23.156935 2020] [wsgi:error] [pid 31303] [remote 189.63.28.150:62484]   File "/var/www/silva/venv/lib/python3.6/site-packages/django/template/backends/django.py", line 34, in get_template
[Wed Jun 24 12:23:23.156938 2020] [wsgi:error] [pid 31303] [remote 189.63.28.150:62484]     return Template(self.engine.get_template(template_name), self)
[Wed Jun 24 12:23:23.156940 2020] [wsgi:error] [pid 31303] [remote 189.63.28.150:62484]   File "/var/www/silva/venv/lib/python3.6/site-packages/django/template/engine.py", line 143, in get_template
[Wed Jun 24 12:23:23.156943 2020] [wsgi:error] [pid 31303] [remote 189.63.28.150:62484]     template, origin = self.find_template(template_name)
[Wed Jun 24 12:23:23.156945 2020] [wsgi:error] [pid 31303] [remote 189.63.28.150:62484]   File "/var/www/silva/venv/lib/python3.6/site-packages/django/template/engine.py", line 125, in find_template
[Wed Jun 24 12:23:23.156952 2020] [wsgi:error] [pid 31303] [remote 189.63.28.150:62484]     template = loader.get_template(name, skip=skip)
[Wed Jun 24 12:23:23.156954 2020] [wsgi:error] [pid 31303] [remote 189.63.28.150:62484]   File "/var/www/silva/venv/lib/python3.6/site-packages/django/template/loaders/base.py", line 30, in get_template
[Wed Jun 24 12:23:23.156957 2020] [wsgi:error] [pid 31303] [remote 189.63.28.150:62484]     contents, origin, origin.template_name, self.engine,
[Wed Jun 24 12:23:23.156960 2020] [wsgi:error] [pid 31303] [remote 189.63.28.150:62484]   File "/var/www/silva/venv/lib/python3.6/site-packages/django/template/base.py", line 156, in __init__
[Wed Jun 24 12:23:23.156962 2020] [wsgi:error] [pid 31303] [remote 189.63.28.150:62484]     self.nodelist = self.compile_nodelist()
[Wed Jun 24 12:23:23.156965 2020] [wsgi:error] [pid 31303] [remote 189.63.28.150:62484]   File "/var/www/silva/venv/lib/python3.6/site-packages/django/template/base.py", line 194, in compile_nodelist
[Wed Jun 24 12:23:23.156968 2020] [wsgi:error] [pid 31303] [remote 189.63.28.150:62484]     return parser.parse()
[Wed Jun 24 12:23:23.156982 2020] [wsgi:error] [pid 31303] [remote 189.63.28.150:62484]   File "/var/www/silva/venv/lib/python3.6/site-packages/django/template/base.py", line 471, in parse
[Wed Jun 24 12:23:23.156985 2020] [wsgi:error] [pid 31303] [remote 189.63.28.150:62484]     self.invalid_block_tag(token, command, parse_until)
[Wed Jun 24 12:23:23.156988 2020] [wsgi:error] [pid 31303] [remote 189.63.28.150:62484]   File "/var/www/silva/venv/lib/python3.6/site-packages/django/template/base.py", line 533, in invalid_block_tag
[Wed Jun 24 12:23:23.156990 2020] [wsgi:error] [pid 31303] [remote 189.63.28.150:62484]     "or load this tag?" % (token.lineno, command)
[Wed Jun 24 12:23:23.157002 2020] [wsgi:error] [pid 31303] [remote 189.63.28.150:62484] django.template.exceptions.TemplateSyntaxError: Invalid block tag on line 10: 'modbus.r_hsl[1]'. Did you forget to register or load this tag?
[Wed Jun 24 12:23:23.157012 2020] [wsgi:error] [pid 31303] [remote 189.63.28.150:62484] 
[Wed Jun 24 12:23:36.884454 2020] [wsgi:error] [pid 31303] [remote 189.63.28.150:62494] Internal Server Error: /
[Wed Jun 24 12:23:36.884489 2020] [wsgi:error] [pid 31303] [remote 189.63.28.150:62494] Traceback (most recent call last):
[Wed Jun 24 12:23:36.884493 2020] [wsgi:error] [pid 31303] [remote 189.63.28.150:62494]   File "/var/www/silva/venv/lib/python3.6/site-packages/django/template/base.py", line 469, in parse
[Wed Jun 24 12:23:36.884497 2020] [wsgi:error] [pid 31303] [remote 189.63.28.150:62494]     compile_func = self.tags[command]
[Wed Jun 24 12:23:36.884500 2020] [wsgi:error] [pid 31303] [remote 189.63.28.150:62494] KeyError: 'modbus.r_hsl'
[Wed Jun 24 12:23:36.884504 2020] [wsgi:error] [pid 31303] [remote 189.63.28.150:62494] 
[Wed Jun 24 12:23:36.884507 2020] [wsgi:error] [pid 31303] [remote 189.63.28.150:62494] During handling of the above exception, another exception occurred:
[Wed Jun 24 12:23:36.884521 2020] [wsgi:error] [pid 31303] [remote 189.63.28.150:62494] 
[Wed Jun 24 12:23:36.884524 2020] [wsgi:error] [pid 31303] [remote 189.63.28.150:62494] Traceback (most recent call last):
[Wed Jun 24 12:23:36.884527 2020] [wsgi:error] [pid 31303] [remote 189.63.28.150:62494]   File "/var/www/silva/venv/lib/python3.6/site-packages/django/core/handlers/exception.py", line 34, in inner
[Wed Jun 24 12:23:36.884530 2020] [wsgi:error] [pid 31303] [remote 189.63.28.150:62494]     response = get_response(request)
[Wed Jun 24 12:23:36.884533 2020] [wsgi:error] [pid 31303] [remote 189.63.28.150:62494]   File "/var/www/silva/venv/lib/python3.6/site-packages/django/core/handlers/base.py", line 115, in _get_response
[Wed Jun 24 12:23:36.884536 2020] [wsgi:error] [pid 31303] [remote 189.63.28.150:62494]     response = self.process_exception_by_middleware(e, request)
[Wed Jun 24 12:23:36.884539 2020] [wsgi:error] [pid 31303] [remote 189.63.28.150:62494]   File "/var/www/silva/venv/lib/python3.6/site-packages/django/core/handlers/base.py", line 113, in _get_response
[Wed Jun 24 12:23:36.884550 2020] [wsgi:error] [pid 31303] [remote 189.63.28.150:62494]     response = wrapped_callback(request, *callback_args, **callback_kwargs)
[Wed Jun 24 12:23:36.884553 2020] [wsgi:error] [pid 31303] [remote 189.63.28.150:62494]   File "/var/www/silva/core/views.py", line 5, in index
[Wed Jun 24 12:23:36.884556 2020] [wsgi:error] [pid 31303] [remote 189.63.28.150:62494]     return render(request, 'index.html')
[Wed Jun 24 12:23:36.884558 2020] [wsgi:error] [pid 31303] [remote 189.63.28.150:62494]   File "/var/www/silva/venv/lib/python3.6/site-packages/django/shortcuts.py", line 19, in render
[Wed Jun 24 12:23:36.884561 2020] [wsgi:error] [pid 31303] [remote 189.63.28.150:62494]     content = loader.render_to_string(template_name, context, request, using=using)
[Wed Jun 24 12:23:36.884564 2020] [wsgi:error] [pid 31303] [remote 189.63.28.150:62494]   File "/var/www/silva/venv/lib/python3.6/site-packages/django/template/loader.py", line 61, in render_to_string
[Wed Jun 24 12:23:36.884566 2020] [wsgi:error] [pid 31303] [remote 189.63.28.150:62494]     template = get_template(template_name, using=using)
[Wed Jun 24 12:23:36.884569 2020] [wsgi:error] [pid 31303] [remote 189.63.28.150:62494]   File "/var/www/silva/venv/lib/python3.6/site-packages/django/template/loader.py", line 15, in get_template
[Wed Jun 24 12:23:36.884572 2020] [wsgi:error] [pid 31303] [remote 189.63.28.150:62494]     return engine.get_template(template_name)
[Wed Jun 24 12:23:36.884574 2020] [wsgi:error] [pid 31303] [remote 189.63.28.150:62494]   File "/var/www/silva/venv/lib/python3.6/site-packages/django/template/backends/django.py", line 34, in get_template
[Wed Jun 24 12:23:36.884577 2020] [wsgi:error] [pid 31303] [remote 189.63.28.150:62494]     return Template(self.engine.get_template(template_name), self)
[Wed Jun 24 12:23:36.884580 2020] [wsgi:error] [pid 31303] [remote 189.63.28.150:62494]   File "/var/www/silva/venv/lib/python3.6/site-packages/django/template/engine.py", line 143, in get_template
[Wed Jun 24 12:23:36.884582 2020] [wsgi:error] [pid 31303] [remote 189.63.28.150:62494]     template, origin = self.find_template(template_name)
[Wed Jun 24 12:23:36.884585 2020] [wsgi:error] [pid 31303] [remote 189.63.28.150:62494]   File "/var/www/silva/venv/lib/python3.6/site-packages/django/template/engine.py", line 125, in find_template
[Wed Jun 24 12:23:36.884587 2020] [wsgi:error] [pid 31303] [remote 189.63.28.150:62494]     template = loader.get_template(name, skip=skip)
[Wed Jun 24 12:23:36.884590 2020] [wsgi:error] [pid 31303] [remote 189.63.28.150:62494]   File "/var/www/silva/venv/lib/python3.6/site-packages/django/template/loaders/base.py", line 30, in get_template
[Wed Jun 24 12:23:36.884593 2020] [wsgi:error] [pid 31303] [remote 189.63.28.150:62494]     contents, origin, origin.template_name, self.engine,
[Wed Jun 24 12:23:36.884595 2020] [wsgi:error] [pid 31303] [remote 189.63.28.150:62494]   File "/var/www/silva/venv/lib/python3.6/site-packages/django/template/base.py", line 156, in __init__
[Wed Jun 24 12:23:36.884598 2020] [wsgi:error] [pid 31303] [remote 189.63.28.150:62494]     self.nodelist = self.compile_nodelist()
[Wed Jun 24 12:23:36.884601 2020] [wsgi:error] [pid 31303] [remote 189.63.28.150:62494]   File "/var/www/silva/venv/lib/python3.6/site-packages/django/template/base.py", line 194, in compile_nodelist
[Wed Jun 24 12:23:36.884603 2020] [wsgi:error] [pid 31303] [remote 189.63.28.150:62494]     return parser.parse()
[Wed Jun 24 12:23:36.884606 2020] [wsgi:error] [pid 31303] [remote 189.63.28.150:62494]   File "/var/www/silva/venv/lib/python3.6/site-packages/django/template/base.py", line 471, in parse
[Wed Jun 24 12:23:36.884608 2020] [wsgi:error] [pid 31303] [remote 189.63.28.150:62494]     self.invalid_block_tag(token, command, parse_until)
[Wed Jun 24 12:23:36.884611 2020] [wsgi:error] [pid 31303] [remote 189.63.28.150:62494]   File "/var/www/silva/venv/lib/python3.6/site-packages/django/template/base.py", line 533, in invalid_block_tag
[Wed Jun 24 12:23:36.884617 2020] [wsgi:error] [pid 31303] [remote 189.63.28.150:62494]     "or load this tag?" % (token.lineno, command)
[Wed Jun 24 12:23:36.884632 2020] [wsgi:error] [pid 31303] [remote 189.63.28.150:62494] django.template.exceptions.TemplateSyntaxError: Invalid block tag on line 10: 'modbus.r_hsl'. Did you forget to register or load this tag?
[Wed Jun 24 12:23:36.884638 2020] [wsgi:error] [pid 31303] [remote 189.63.28.150:62494] 
[Wed Jun 24 12:24:46.309607 2020] [wsgi:error] [pid 31303] [remote 189.63.28.150:62517] Internal Server Error: /
[Wed Jun 24 12:24:46.309634 2020] [wsgi:error] [pid 31303] [remote 189.63.28.150:62517] Traceback (most recent call last):
[Wed Jun 24 12:24:46.309638 2020] [wsgi:error] [pid 31303] [remote 189.63.28.150:62517]   File "/var/www/silva/venv/lib/python3.6/site-packages/django/template/base.py", line 469, in parse
[Wed Jun 24 12:24:46.309641 2020] [wsgi:error] [pid 31303] [remote 189.63.28.150:62517]     compile_func = self.tags[command]
[Wed Jun 24 12:24:46.309644 2020] [wsgi:error] [pid 31303] [remote 189.63.28.150:62517] KeyError: 'modbus.r_hsl(1)'
[Wed Jun 24 12:24:46.309647 2020] [wsgi:error] [pid 31303] [remote 189.63.28.150:62517] 
[Wed Jun 24 12:24:46.309659 2020] [wsgi:error] [pid 31303] [remote 189.63.28.150:62517] During handling of the above exception, another exception occurred:
[Wed Jun 24 12:24:46.309662 2020] [wsgi:error] [pid 31303] [remote 189.63.28.150:62517] 
[Wed Jun 24 12:24:46.309664 2020] [wsgi:error] [pid 31303] [remote 189.63.28.150:62517] Traceback (most recent call last):
[Wed Jun 24 12:24:46.309671 2020] [wsgi:error] [pid 31303] [remote 189.63.28.150:62517]   File "/var/www/silva/venv/lib/python3.6/site-packages/django/core/handlers/exception.py", line 34, in inner
[Wed Jun 24 12:24:46.309674 2020] [wsgi:error] [pid 31303] [remote 189.63.28.150:62517]     response = get_response(request)
[Wed Jun 24 12:24:46.309677 2020] [wsgi:error] [pid 31303] [remote 189.63.28.150:62517]   File "/var/www/silva/venv/lib/python3.6/site-packages/django/core/handlers/base.py", line 115, in _get_response
[Wed Jun 24 12:24:46.309680 2020] [wsgi:error] [pid 31303] [remote 189.63.28.150:62517]     response = self.process_exception_by_middleware(e, request)
[Wed Jun 24 12:24:46.309683 2020] [wsgi:error] [pid 31303] [remote 189.63.28.150:62517]   File "/var/www/silva/venv/lib/python3.6/site-packages/django/core/handlers/base.py", line 113, in _get_response
[Wed Jun 24 12:24:46.309690 2020] [wsgi:error] [pid 31303] [remote 189.63.28.150:62517]     response = wrapped_callback(request, *callback_args, **callback_kwargs)
[Wed Jun 24 12:24:46.309693 2020] [wsgi:error] [pid 31303] [remote 189.63.28.150:62517]   File "/var/www/silva/core/views.py", line 5, in index
[Wed Jun 24 12:24:46.309696 2020] [wsgi:error] [pid 31303] [remote 189.63.28.150:62517]     return render(request, 'index.html')
[Wed Jun 24 12:24:46.309699 2020] [wsgi:error] [pid 31303] [remote 189.63.28.150:62517]   File "/var/www/silva/venv/lib/python3.6/site-packages/django/shortcuts.py", line 19, in render
[Wed Jun 24 12:24:46.309702 2020] [wsgi:error] [pid 31303] [remote 189.63.28.150:62517]     content = loader.render_to_string(template_name, context, request, using=using)
[Wed Jun 24 12:24:46.309705 2020] [wsgi:error] [pid 31303] [remote 189.63.28.150:62517]   File "/var/www/silva/venv/lib/python3.6/site-packages/django/template/loader.py", line 61, in render_to_string
[Wed Jun 24 12:24:46.309707 2020] [wsgi:error] [pid 31303] [remote 189.63.28.150:62517]     template = get_template(template_name, using=using)
[Wed Jun 24 12:24:46.309710 2020] [wsgi:error] [pid 31303] [remote 189.63.28.150:62517]   File "/var/www/silva/venv/lib/python3.6/site-packages/django/template/loader.py", line 15, in get_template
[Wed Jun 24 12:24:46.309712 2020] [wsgi:error] [pid 31303] [remote 189.63.28.150:62517]     return engine.get_template(template_name)
[Wed Jun 24 12:24:46.309715 2020] [wsgi:error] [pid 31303] [remote 189.63.28.150:62517]   File "/var/www/silva/venv/lib/python3.6/site-packages/django/template/backends/django.py", line 34, in get_template
[Wed Jun 24 12:24:46.309724 2020] [wsgi:error] [pid 31303] [remote 189.63.28.150:62517]     return Template(self.engine.get_template(template_name), self)
[Wed Jun 24 12:24:46.309726 2020] [wsgi:error] [pid 31303] [remote 189.63.28.150:62517]   File "/var/www/silva/venv/lib/python3.6/site-packages/django/template/engine.py", line 143, in get_template
[Wed Jun 24 12:24:46.309729 2020] [wsgi:error] [pid 31303] [remote 189.63.28.150:62517]     template, origin = self.find_template(template_name)
[Wed Jun 24 12:24:46.309731 2020] [wsgi:error] [pid 31303] [remote 189.63.28.150:62517]   File "/var/www/silva/venv/lib/python3.6/site-packages/django/template/engine.py", line 125, in find_template
[Wed Jun 24 12:24:46.309733 2020] [wsgi:error] [pid 31303] [remote 189.63.28.150:62517]     template = loader.get_template(name, skip=skip)
[Wed Jun 24 12:24:46.309735 2020] [wsgi:error] [pid 31303] [remote 189.63.28.150:62517]   File "/var/www/silva/venv/lib/python3.6/site-packages/django/template/loaders/base.py", line 30, in get_template
[Wed Jun 24 12:24:46.309737 2020] [wsgi:error] [pid 31303] [remote 189.63.28.150:62517]     contents, origin, origin.template_name, self.engine,
[Wed Jun 24 12:24:46.309740 2020] [wsgi:error] [pid 31303] [remote 189.63.28.150:62517]   File "/var/www/silva/venv/lib/python3.6/site-packages/django/template/base.py", line 156, in __init__
[Wed Jun 24 12:24:46.309742 2020] [wsgi:error] [pid 31303] [remote 189.63.28.150:62517]     self.nodelist = self.compile_nodelist()
[Wed Jun 24 12:24:46.309744 2020] [wsgi:error] [pid 31303] [remote 189.63.28.150:62517]   File "/var/www/silva/venv/lib/python3.6/site-packages/django/template/base.py", line 194, in compile_nodelist
[Wed Jun 24 12:24:46.309746 2020] [wsgi:error] [pid 31303] [remote 189.63.28.150:62517]     return parser.parse()
[Wed Jun 24 12:24:46.309748 2020] [wsgi:error] [pid 31303] [remote 189.63.28.150:62517]   File "/var/www/silva/venv/lib/python3.6/site-packages/django/template/base.py", line 471, in parse
[Wed Jun 24 12:24:46.309751 2020] [wsgi:error] [pid 31303] [remote 189.63.28.150:62517]     self.invalid_block_tag(token, command, parse_until)
[Wed Jun 24 12:24:46.309753 2020] [wsgi:error] [pid 31303] [remote 189.63.28.150:62517]   File "/var/www/silva/venv/lib/python3.6/site-packages/django/template/base.py", line 533, in invalid_block_tag
[Wed Jun 24 12:24:46.309755 2020] [wsgi:error] [pid 31303] [remote 189.63.28.150:62517]     "or load this tag?" % (token.lineno, command)
[Wed Jun 24 12:24:46.309762 2020] [wsgi:error] [pid 31303] [remote 189.63.28.150:62517] django.template.exceptions.TemplateSyntaxError: Invalid block tag on line 10: 'modbus.r_hsl(1)'. Did you forget to register or load this tag?
[Wed Jun 24 12:24:46.309770 2020] [wsgi:error] [pid 31303] [remote 189.63.28.150:62517] 
[Wed Jun 24 12:24:48.104040 2020] [wsgi:error] [pid 31303] [remote 189.63.28.150:62516] Internal Server Error: /
[Wed Jun 24 12:24:48.104070 2020] [wsgi:error] [pid 31303] [remote 189.63.28.150:62516] Traceback (most recent call last):
[Wed Jun 24 12:24:48.104074 2020] [wsgi:error] [pid 31303] [remote 189.63.28.150:62516]   File "/var/www/silva/venv/lib/python3.6/site-packages/django/template/base.py", line 469, in parse
[Wed Jun 24 12:24:48.104077 2020] [wsgi:error] [pid 31303] [remote 189.63.28.150:62516]     compile_func = self.tags[command]
[Wed Jun 24 12:24:48.104080 2020] [wsgi:error] [pid 31303] [remote 189.63.28.150:62516] KeyError: 'modbus.r_hsl(1)'
[Wed Jun 24 12:24:48.104083 2020] [wsgi:error] [pid 31303] [remote 189.63.28.150:62516] 
[Wed Jun 24 12:24:48.104086 2020] [wsgi:error] [pid 31303] [remote 189.63.28.150:62516] During handling of the above exception, another exception occurred:
[Wed Jun 24 12:24:48.104089 2020] [wsgi:error] [pid 31303] [remote 189.63.28.150:62516] 
[Wed Jun 24 12:24:48.104092 2020] [wsgi:error] [pid 31303] [remote 189.63.28.150:62516] Traceback (most recent call last):
[Wed Jun 24 12:24:48.104095 2020] [wsgi:error] [pid 31303] [remote 189.63.28.150:62516]   File "/var/www/silva/venv/lib/python3.6/site-packages/django/core/handlers/exception.py", line 34, in inner
[Wed Jun 24 12:24:48.104106 2020] [wsgi:error] [pid 31303] [remote 189.63.28.150:62516]     response = get_response(request)
[Wed Jun 24 12:24:48.104109 2020] [wsgi:error] [pid 31303] [remote 189.63.28.150:62516]   File "/var/www/silva/venv/lib/python3.6/site-packages/django/core/handlers/base.py", line 115, in _get_response
[Wed Jun 24 12:24:48.104111 2020] [wsgi:error] [pid 31303] [remote 189.63.28.150:62516]     response = self.process_exception_by_middleware(e, request)
[Wed Jun 24 12:24:48.104114 2020] [wsgi:error] [pid 31303] [remote 189.63.28.150:62516]   File "/var/www/silva/venv/lib/python3.6/site-packages/django/core/handlers/base.py", line 113, in _get_response
[Wed Jun 24 12:24:48.104117 2020] [wsgi:error] [pid 31303] [remote 189.63.28.150:62516]     response = wrapped_callback(request, *callback_args, **callback_kwargs)
[Wed Jun 24 12:24:48.104119 2020] [wsgi:error] [pid 31303] [remote 189.63.28.150:62516]   File "/var/www/silva/core/views.py", line 5, in index
[Wed Jun 24 12:24:48.104122 2020] [wsgi:error] [pid 31303] [remote 189.63.28.150:62516]     return render(request, 'index.html')
[Wed Jun 24 12:24:48.104125 2020] [wsgi:error] [pid 31303] [remote 189.63.28.150:62516]   File "/var/www/silva/venv/lib/python3.6/site-packages/django/shortcuts.py", line 19, in render
[Wed Jun 24 12:24:48.104127 2020] [wsgi:error] [pid 31303] [remote 189.63.28.150:62516]     content = loader.render_to_string(template_name, context, request, using=using)
[Wed Jun 24 12:24:48.104130 2020] [wsgi:error] [pid 31303] [remote 189.63.28.150:62516]   File "/var/www/silva/venv/lib/python3.6/site-packages/django/template/loader.py", line 61, in render_to_string
[Wed Jun 24 12:24:48.104132 2020] [wsgi:error] [pid 31303] [remote 189.63.28.150:62516]     template = get_template(template_name, using=using)
[Wed Jun 24 12:24:48.104135 2020] [wsgi:error] [pid 31303] [remote 189.63.28.150:62516]   File "/var/www/silva/venv/lib/python3.6/site-packages/django/template/loader.py", line 15, in get_template
[Wed Jun 24 12:24:48.104138 2020] [wsgi:error] [pid 31303] [remote 189.63.28.150:62516]     return engine.get_template(template_name)
[Wed Jun 24 12:24:48.104140 2020] [wsgi:error] [pid 31303] [remote 189.63.28.150:62516]   File "/var/www/silva/venv/lib/python3.6/site-packages/django/template/backends/django.py", line 34, in get_template
[Wed Jun 24 12:24:48.104143 2020] [wsgi:error] [pid 31303] [remote 189.63.28.150:62516]     return Template(self.engine.get_template(template_name), self)
[Wed Jun 24 12:24:48.104145 2020] [wsgi:error] [pid 31303] [remote 189.63.28.150:62516]   File "/var/www/silva/venv/lib/python3.6/site-packages/django/template/engine.py", line 143, in get_template
[Wed Jun 24 12:24:48.104148 2020] [wsgi:error] [pid 31303] [remote 189.63.28.150:62516]     template, origin = self.find_template(template_name)
[Wed Jun 24 12:24:48.104150 2020] [wsgi:error] [pid 31303] [remote 189.63.28.150:62516]   File "/var/www/silva/venv/lib/python3.6/site-packages/django/template/engine.py", line 125, in find_template
[Wed Jun 24 12:24:48.104153 2020] [wsgi:error] [pid 31303] [remote 189.63.28.150:62516]     template = loader.get_template(name, skip=skip)
[Wed Jun 24 12:24:48.104155 2020] [wsgi:error] [pid 31303] [remote 189.63.28.150:62516]   File "/var/www/silva/venv/lib/python3.6/site-packages/django/template/loaders/base.py", line 30, in get_template
[Wed Jun 24 12:24:48.104158 2020] [wsgi:error] [pid 31303] [remote 189.63.28.150:62516]     contents, origin, origin.template_name, self.engine,
[Wed Jun 24 12:24:48.104160 2020] [wsgi:error] [pid 31303] [remote 189.63.28.150:62516]   File "/var/www/silva/venv/lib/python3.6/site-packages/django/template/base.py", line 156, in __init__
[Wed Jun 24 12:24:48.104163 2020] [wsgi:error] [pid 31303] [remote 189.63.28.150:62516]     self.nodelist = self.compile_nodelist()
[Wed Jun 24 12:24:48.104165 2020] [wsgi:error] [pid 31303] [remote 189.63.28.150:62516]   File "/var/www/silva/venv/lib/python3.6/site-packages/django/template/base.py", line 194, in compile_nodelist
[Wed Jun 24 12:24:48.104171 2020] [wsgi:error] [pid 31303] [remote 189.63.28.150:62516]     return parser.parse()
[Wed Jun 24 12:24:48.104174 2020] [wsgi:error] [pid 31303] [remote 189.63.28.150:62516]   File "/var/www/silva/venv/lib/python3.6/site-packages/django/template/base.py", line 471, in parse
[Wed Jun 24 12:24:48.104176 2020] [wsgi:error] [pid 31303] [remote 189.63.28.150:62516]     self.invalid_block_tag(token, command, parse_until)
[Wed Jun 24 12:24:48.104179 2020] [wsgi:error] [pid 31303] [remote 189.63.28.150:62516]   File "/var/www/silva/venv/lib/python3.6/site-packages/django/template/base.py", line 533, in invalid_block_tag
[Wed Jun 24 12:24:48.104181 2020] [wsgi:error] [pid 31303] [remote 189.63.28.150:62516]     "or load this tag?" % (token.lineno, command)
[Wed Jun 24 12:24:48.104185 2020] [wsgi:error] [pid 31303] [remote 189.63.28.150:62516] django.template.exceptions.TemplateSyntaxError: Invalid block tag on line 10: 'modbus.r_hsl(1)'. Did you forget to register or load this tag?
[Wed Jun 24 12:24:48.104191 2020] [wsgi:error] [pid 31303] [remote 189.63.28.150:62516] 
[Wed Jun 24 12:26:07.943936 2020] [wsgi:error] [pid 31303] [remote 189.63.28.150:62564] Internal Server Error: /
[Wed Jun 24 12:26:07.943961 2020] [wsgi:error] [pid 31303] [remote 189.63.28.150:62564] Traceback (most recent call last):
[Wed Jun 24 12:26:07.943965 2020] [wsgi:error] [pid 31303] [remote 189.63.28.150:62564]   File "/var/www/silva/venv/lib/python3.6/site-packages/django/template/base.py", line 469, in parse
[Wed Jun 24 12:26:07.943969 2020] [wsgi:error] [pid 31303] [remote 189.63.28.150:62564]     compile_func = self.tags[command]
[Wed Jun 24 12:26:07.943972 2020] [wsgi:error] [pid 31303] [remote 189.63.28.150:62564] KeyError: 'modbus.r_hsl(1)'
[Wed Jun 24 12:26:07.943975 2020] [wsgi:error] [pid 31303] [remote 189.63.28.150:62564] 
[Wed Jun 24 12:26:07.943978 2020] [wsgi:error] [pid 31303] [remote 189.63.28.150:62564] During handling of the above exception, another exception occurred:
[Wed Jun 24 12:26:07.943981 2020] [wsgi:error] [pid 31303] [remote 189.63.28.150:62564] 
[Wed Jun 24 12:26:07.943983 2020] [wsgi:error] [pid 31303] [remote 189.63.28.150:62564] Traceback (most recent call last):
[Wed Jun 24 12:26:07.943995 2020] [wsgi:error] [pid 31303] [remote 189.63.28.150:62564]   File "/var/www/silva/venv/lib/python3.6/site-packages/django/core/handlers/exception.py", line 34, in inner
[Wed Jun 24 12:26:07.943998 2020] [wsgi:error] [pid 31303] [remote 189.63.28.150:62564]     response = get_response(request)
[Wed Jun 24 12:26:07.944001 2020] [wsgi:error] [pid 31303] [remote 189.63.28.150:62564]   File "/var/www/silva/venv/lib/python3.6/site-packages/django/core/handlers/base.py", line 115, in _get_response
[Wed Jun 24 12:26:07.944004 2020] [wsgi:error] [pid 31303] [remote 189.63.28.150:62564]     response = self.process_exception_by_middleware(e, request)
[Wed Jun 24 12:26:07.944007 2020] [wsgi:error] [pid 31303] [remote 189.63.28.150:62564]   File "/var/www/silva/venv/lib/python3.6/site-packages/django/core/handlers/base.py", line 113, in _get_response
[Wed Jun 24 12:26:07.944012 2020] [wsgi:error] [pid 31303] [remote 189.63.28.150:62564]     response = wrapped_callback(request, *callback_args, **callback_kwargs)
[Wed Jun 24 12:26:07.944015 2020] [wsgi:error] [pid 31303] [remote 189.63.28.150:62564]   File "/var/www/silva/core/views.py", line 5, in index
[Wed Jun 24 12:26:07.944018 2020] [wsgi:error] [pid 31303] [remote 189.63.28.150:62564]     return render(request, 'index.html')
[Wed Jun 24 12:26:07.944021 2020] [wsgi:error] [pid 31303] [remote 189.63.28.150:62564]   File "/var/www/silva/venv/lib/python3.6/site-packages/django/shortcuts.py", line 19, in render
[Wed Jun 24 12:26:07.944024 2020] [wsgi:error] [pid 31303] [remote 189.63.28.150:62564]     content = loader.render_to_string(template_name, context, request, using=using)
[Wed Jun 24 12:26:07.944027 2020] [wsgi:error] [pid 31303] [remote 189.63.28.150:62564]   File "/var/www/silva/venv/lib/python3.6/site-packages/django/template/loader.py", line 61, in render_to_string
[Wed Jun 24 12:26:07.944038 2020] [wsgi:error] [pid 31303] [remote 189.63.28.150:62564]     template = get_template(template_name, using=using)
[Wed Jun 24 12:26:07.944041 2020] [wsgi:error] [pid 31303] [remote 189.63.28.150:62564]   File "/var/www/silva/venv/lib/python3.6/site-packages/django/template/loader.py", line 15, in get_template
[Wed Jun 24 12:26:07.944043 2020] [wsgi:error] [pid 31303] [remote 189.63.28.150:62564]     return engine.get_template(template_name)
[Wed Jun 24 12:26:07.944046 2020] [wsgi:error] [pid 31303] [remote 189.63.28.150:62564]   File "/var/www/silva/venv/lib/python3.6/site-packages/django/template/backends/django.py", line 34, in get_template
[Wed Jun 24 12:26:07.944048 2020] [wsgi:error] [pid 31303] [remote 189.63.28.150:62564]     return Template(self.engine.get_template(template_name), self)
[Wed Jun 24 12:26:07.944051 2020] [wsgi:error] [pid 31303] [remote 189.63.28.150:62564]   File "/var/www/silva/venv/lib/python3.6/site-packages/django/template/engine.py", line 143, in get_template
[Wed Jun 24 12:26:07.944053 2020] [wsgi:error] [pid 31303] [remote 189.63.28.150:62564]     template, origin = self.find_template(template_name)
[Wed Jun 24 12:26:07.944055 2020] [wsgi:error] [pid 31303] [remote 189.63.28.150:62564]   File "/var/www/silva/venv/lib/python3.6/site-packages/django/template/engine.py", line 125, in find_template
[Wed Jun 24 12:26:07.944058 2020] [wsgi:error] [pid 31303] [remote 189.63.28.150:62564]     template = loader.get_template(name, skip=skip)
[Wed Jun 24 12:26:07.944060 2020] [wsgi:error] [pid 31303] [remote 189.63.28.150:62564]   File "/var/www/silva/venv/lib/python3.6/site-packages/django/template/loaders/base.py", line 30, in get_template
[Wed Jun 24 12:26:07.944063 2020] [wsgi:error] [pid 31303] [remote 189.63.28.150:62564]     contents, origin, origin.template_name, self.engine,
[Wed Jun 24 12:26:07.944065 2020] [wsgi:error] [pid 31303] [remote 189.63.28.150:62564]   File "/var/www/silva/venv/lib/python3.6/site-packages/django/template/base.py", line 156, in __init__
[Wed Jun 24 12:26:07.944068 2020] [wsgi:error] [pid 31303] [remote 189.63.28.150:62564]     self.nodelist = self.compile_nodelist()
[Wed Jun 24 12:26:07.944070 2020] [wsgi:error] [pid 31303] [remote 189.63.28.150:62564]   File "/var/www/silva/venv/lib/python3.6/site-packages/django/template/base.py", line 194, in compile_nodelist
[Wed Jun 24 12:26:07.944073 2020] [wsgi:error] [pid 31303] [remote 189.63.28.150:62564]     return parser.parse()
[Wed Jun 24 12:26:07.944087 2020] [wsgi:error] [pid 31303] [remote 189.63.28.150:62564]   File "/var/www/silva/venv/lib/python3.6/site-packages/django/template/base.py", line 471, in parse
[Wed Jun 24 12:26:07.944089 2020] [wsgi:error] [pid 31303] [remote 189.63.28.150:62564]     self.invalid_block_tag(token, command, parse_until)
[Wed Jun 24 12:26:07.944092 2020] [wsgi:error] [pid 31303] [remote 189.63.28.150:62564]   File "/var/www/silva/venv/lib/python3.6/site-packages/django/template/base.py", line 533, in invalid_block_tag
[Wed Jun 24 12:26:07.944094 2020] [wsgi:error] [pid 31303] [remote 189.63.28.150:62564]     "or load this tag?" % (token.lineno, command)
[Wed Jun 24 12:26:07.944102 2020] [wsgi:error] [pid 31303] [remote 189.63.28.150:62564] django.template.exceptions.TemplateSyntaxError: Invalid block tag on line 10: 'modbus.r_hsl(1)'. Did you forget to register or load this tag?
[Wed Jun 24 12:26:07.944107 2020] [wsgi:error] [pid 31303] [remote 189.63.28.150:62564] 
[Wed Jun 24 12:26:12.289945 2020] [wsgi:error] [pid 31303] [remote 189.63.28.150:62565] Internal Server Error: /
[Wed Jun 24 12:26:12.289968 2020] [wsgi:error] [pid 31303] [remote 189.63.28.150:62565] Traceback (most recent call last):
[Wed Jun 24 12:26:12.289972 2020] [wsgi:error] [pid 31303] [remote 189.63.28.150:62565]   File "/var/www/silva/venv/lib/python3.6/site-packages/django/template/base.py", line 469, in parse
[Wed Jun 24 12:26:12.289975 2020] [wsgi:error] [pid 31303] [remote 189.63.28.150:62565]     compile_func = self.tags[command]
[Wed Jun 24 12:26:12.289986 2020] [wsgi:error] [pid 31303] [remote 189.63.28.150:62565] KeyError: 'modbus.r_hsl(1)'
[Wed Jun 24 12:26:12.289989 2020] [wsgi:error] [pid 31303] [remote 189.63.28.150:62565] 
[Wed Jun 24 12:26:12.289991 2020] [wsgi:error] [pid 31303] [remote 189.63.28.150:62565] During handling of the above exception, another exception occurred:
[Wed Jun 24 12:26:12.289994 2020] [wsgi:error] [pid 31303] [remote 189.63.28.150:62565] 
[Wed Jun 24 12:26:12.289996 2020] [wsgi:error] [pid 31303] [remote 189.63.28.150:62565] Traceback (most recent call last):
[Wed Jun 24 12:26:12.289998 2020] [wsgi:error] [pid 31303] [remote 189.63.28.150:62565]   File "/var/www/silva/venv/lib/python3.6/site-packages/django/core/handlers/exception.py", line 34, in inner
[Wed Jun 24 12:26:12.290001 2020] [wsgi:error] [pid 31303] [remote 189.63.28.150:62565]     response = get_response(request)
[Wed Jun 24 12:26:12.290003 2020] [wsgi:error] [pid 31303] [remote 189.63.28.150:62565]   File "/var/www/silva/venv/lib/python3.6/site-packages/django/core/handlers/base.py", line 115, in _get_response
[Wed Jun 24 12:26:12.290006 2020] [wsgi:error] [pid 31303] [remote 189.63.28.150:62565]     response = self.process_exception_by_middleware(e, request)
[Wed Jun 24 12:26:12.290008 2020] [wsgi:error] [pid 31303] [remote 189.63.28.150:62565]   File "/var/www/silva/venv/lib/python3.6/site-packages/django/core/handlers/base.py", line 113, in _get_response
[Wed Jun 24 12:26:12.290011 2020] [wsgi:error] [pid 31303] [remote 189.63.28.150:62565]     response = wrapped_callback(request, *callback_args, **callback_kwargs)
[Wed Jun 24 12:26:12.290013 2020] [wsgi:error] [pid 31303] [remote 189.63.28.150:62565]   File "/var/www/silva/core/views.py", line 5, in index
[Wed Jun 24 12:26:12.290016 2020] [wsgi:error] [pid 31303] [remote 189.63.28.150:62565]     return render(request, 'index.html')
[Wed Jun 24 12:26:12.290018 2020] [wsgi:error] [pid 31303] [remote 189.63.28.150:62565]   File "/var/www/silva/venv/lib/python3.6/site-packages/django/shortcuts.py", line 19, in render
[Wed Jun 24 12:26:12.290021 2020] [wsgi:error] [pid 31303] [remote 189.63.28.150:62565]     content = loader.render_to_string(template_name, context, request, using=using)
[Wed Jun 24 12:26:12.290023 2020] [wsgi:error] [pid 31303] [remote 189.63.28.150:62565]   File "/var/www/silva/venv/lib/python3.6/site-packages/django/template/loader.py", line 61, in render_to_string
[Wed Jun 24 12:26:12.290026 2020] [wsgi:error] [pid 31303] [remote 189.63.28.150:62565]     template = get_template(template_name, using=using)
[Wed Jun 24 12:26:12.290028 2020] [wsgi:error] [pid 31303] [remote 189.63.28.150:62565]   File "/var/www/silva/venv/lib/python3.6/site-packages/django/template/loader.py", line 15, in get_template
[Wed Jun 24 12:26:12.290031 2020] [wsgi:error] [pid 31303] [remote 189.63.28.150:62565]     return engine.get_template(template_name)
[Wed Jun 24 12:26:12.290033 2020] [wsgi:error] [pid 31303] [remote 189.63.28.150:62565]   File "/var/www/silva/venv/lib/python3.6/site-packages/django/template/backends/django.py", line 34, in get_template
[Wed Jun 24 12:26:12.290036 2020] [wsgi:error] [pid 31303] [remote 189.63.28.150:62565]     return Template(self.engine.get_template(template_name), self)
[Wed Jun 24 12:26:12.290038 2020] [wsgi:error] [pid 31303] [remote 189.63.28.150:62565]   File "/var/www/silva/venv/lib/python3.6/site-packages/django/template/engine.py", line 143, in get_template
[Wed Jun 24 12:26:12.290041 2020] [wsgi:error] [pid 31303] [remote 189.63.28.150:62565]     template, origin = self.find_template(template_name)
[Wed Jun 24 12:26:12.290043 2020] [wsgi:error] [pid 31303] [remote 189.63.28.150:62565]   File "/var/www/silva/venv/lib/python3.6/site-packages/django/template/engine.py", line 125, in find_template
[Wed Jun 24 12:26:12.290046 2020] [wsgi:error] [pid 31303] [remote 189.63.28.150:62565]     template = loader.get_template(name, skip=skip)
[Wed Jun 24 12:26:12.290048 2020] [wsgi:error] [pid 31303] [remote 189.63.28.150:62565]   File "/var/www/silva/venv/lib/python3.6/site-packages/django/template/loaders/base.py", line 30, in get_template
[Wed Jun 24 12:26:12.290054 2020] [wsgi:error] [pid 31303] [remote 189.63.28.150:62565]     contents, origin, origin.template_name, self.engine,
[Wed Jun 24 12:26:12.290057 2020] [wsgi:error] [pid 31303] [remote 189.63.28.150:62565]   File "/var/www/silva/venv/lib/python3.6/site-packages/django/template/base.py", line 156, in __init__
[Wed Jun 24 12:26:12.290059 2020] [wsgi:error] [pid 31303] [remote 189.63.28.150:62565]     self.nodelist = self.compile_nodelist()
[Wed Jun 24 12:26:12.290062 2020] [wsgi:error] [pid 31303] [remote 189.63.28.150:62565]   File "/var/www/silva/venv/lib/python3.6/site-packages/django/template/base.py", line 194, in compile_nodelist
[Wed Jun 24 12:26:12.290064 2020] [wsgi:error] [pid 31303] [remote 189.63.28.150:62565]     return parser.parse()
[Wed Jun 24 12:26:12.290066 2020] [wsgi:error] [pid 31303] [remote 189.63.28.150:62565]   File "/var/www/silva/venv/lib/python3.6/site-packages/django/template/base.py", line 471, in parse
[Wed Jun 24 12:26:12.290069 2020] [wsgi:error] [pid 31303] [remote 189.63.28.150:62565]     self.invalid_block_tag(token, command, parse_until)
[Wed Jun 24 12:26:12.290071 2020] [wsgi:error] [pid 31303] [remote 189.63.28.150:62565]   File "/var/www/silva/venv/lib/python3.6/site-packages/django/template/base.py", line 533, in invalid_block_tag
[Wed Jun 24 12:26:12.290074 2020] [wsgi:error] [pid 31303] [remote 189.63.28.150:62565]     "or load this tag?" % (token.lineno, command)
[Wed Jun 24 12:26:12.290078 2020] [wsgi:error] [pid 31303] [remote 189.63.28.150:62565] django.template.exceptions.TemplateSyntaxError: Invalid block tag on line 10: 'modbus.r_hsl(1)'. Did you forget to register or load this tag?
[Wed Jun 24 12:26:12.290083 2020] [wsgi:error] [pid 31303] [remote 189.63.28.150:62565] 
[Wed Jun 24 12:40:25.459410 2020] [wsgi:error] [pid 31303] [remote 185.234.216.28:60496] Not Found: /wp-login.php
[Wed Jun 24 12:40:25.584365 2020] [wsgi:error] [pid 31303] [remote 185.234.216.28:60496] Not Found: /wp-login.php
